++ train_set=train_nodev
++ train_dev=train_dev
++ lm_test=test
++ recog_set='train_dev test'
++ '[' -1 -le -1 ']'
++ '[' 100 -ge -1 ']'
++ echo 'stage -1: Data Download'
stage -1: Data Download
++ mkdir -p ./downloads
++ local/download_and_untar.sh ./downloads http://www.speech.cs.cmu.edu/databases/an4/
./downloads http://www.speech.cs.cmu.edu/databases/an4/
/home/john/src/python/espnet/egs/an4/asr1
local/download_and_untar.sh: an4 directory already exists in ./downloads
skipping..++ '[' -1 -le 0 ']'
++ '[' 100 -ge 0 ']'
++ echo 'stage 0: Data preparation'
stage 0: Data preparation
++ mkdir -p data/train data/test exp
++ read -p 'press enter to continue..'
press enter to continue..++ '[' '!' -f ./downloads/an4/README ']'
++ python local/data_prep.py ./downloads/an4 /home/john/src/python/espnet/egs/an4/asr1/../../../tools/kaldi/tools/sph2pipe_v2.5/sph2pipe
++ for x in test train
++ for f in text wav.scp utt2spk
++ sort data/test/text -o data/test/text
++ for f in text wav.scp utt2spk
++ sort data/test/wav.scp -o data/test/wav.scp
++ for f in text wav.scp utt2spk
++ sort data/test/utt2spk -o data/test/utt2spk
++ utils/utt2spk_to_spk2utt.pl data/test/utt2spk
++ for x in test train
++ for f in text wav.scp utt2spk
++ sort data/train/text -o data/train/text
++ for f in text wav.scp utt2spk
++ sort data/train/wav.scp -o data/train/wav.scp
++ for f in text wav.scp utt2spk
++ sort data/train/utt2spk -o data/train/utt2spk
++ utils/utt2spk_to_spk2utt.pl data/train/utt2spk
++ feat_tr_dir=dump/train_nodev/deltafalse
++ mkdir -p dump/train_nodev/deltafalse
++ feat_dt_dir=dump/train_dev/deltafalse
++ mkdir -p dump/train_dev/deltafalse
++ '[' -1 -le 1 ']'
++ '[' 100 -ge 1 ']'
++ echo 'stage 1: Feature Generation'
stage 1: Feature Generation
++ read -p 'press enter to continue..'
press enter to continue..++ fbankdir=fbank
++ for x in test train
++ steps/make_fbank_pitch.sh --cmd run.pl --nj 8 --write_utt2num_frames true data/test exp/make_fbank/test fbank
steps/make_fbank_pitch.sh --cmd run.pl --nj 8 --write_utt2num_frames true data/test exp/make_fbank/test fbank
steps/make_fbank_pitch.sh: invalid option --write_utt2num_frames
