++ train_set=train_nodev
++ train_dev=train_dev
++ lm_test=test
++ recog_set='train_dev test'
++ '[' -1 -le -1 ']'
++ '[' 100 -ge -1 ']'
++ echo 'stage -1: Data Download'
stage -1: Data Download
++ mkdir -p ./downloads
++ local/download_and_untar.sh ./downloads http://www.speech.cs.cmu.edu/databases/an4/
./downloads http://www.speech.cs.cmu.edu/databases/an4/
/home/john/src/python/espnet/egs/an4/asr1
local/download_and_untar.sh: an4 directory already exists in ./downloads
skipping..++ train_set=train_nodev
++ train_dev=train_dev
++ lm_test=test
++ recog_set='train_dev test'
++ '[' -1 -le -1 ']'
++ '[' 100 -ge -1 ']'
++ echo 'stage -1: Data Download'
stage -1: Data Download
++ mkdir -p ./downloads
++ local/download_and_untar.sh ./downloads http://www.speech.cs.cmu.edu/databases/an4/
./downloads http://www.speech.cs.cmu.edu/databases/an4/
/home/john/src/python/espnet/egs/an4/asr1
local/download_and_untar.sh: an4 directory already exists in ./downloads
skipping..