++ train_set=train_nodev
++ train_dev=train_dev
++ lm_test=test
++ recog_set='train_dev test'
++ '[' 4 -le -1 ']'
++ '[' 4 -le 0 ']'
++ feat_tr_dir=dump/train_nodev/deltafalse
++ mkdir -p dump/train_nodev/deltafalse
++ feat_dt_dir=dump/train_dev/deltafalse
++ mkdir -p dump/train_dev/deltafalse
++ '[' 4 -le 1 ']'
++ dict=data/lang_1char/train_nodev_units.txt
++ echo 'dictionary: data/lang_1char/train_nodev_units.txt'
dictionary: data/lang_1char/train_nodev_units.txt
++ '[' 4 -le 2 ']'
++ '[' -z ']'
+++ basename conf/lm
++ lmtag=lm
++ '[' true = true ']'
++ lmtag=lm_word100
++ lmexpname=train_rnnlm_pytorch_lm_word100
++ lmexpdir=exp/train_rnnlm_pytorch_lm_word100
++ mkdir -p exp/train_rnnlm_pytorch_lm_word100
++ '[' 4 -le 3 ']'
++ '[' -z ']'
+++ basename conf/train_mtlalpha1.0
++ expname=train_nodev_pytorch_train_mtlalpha1.0
++ false
++ expdir=exp/train_nodev_pytorch_train_mtlalpha1.0
++ mkdir -p exp/train_nodev_pytorch_train_mtlalpha1.0
++ '[' 4 -le 4 ']'
++ '[' 5 -ge 4 ']'
++ echo 'stage 4: Network Training'
stage 4: Network Training
++ run.pl --gpu 2 exp/train_nodev_pytorch_train_mtlalpha1.0/train.log asr_train.py --config conf/train_mtlalpha1.0.yaml --ngpu 2 --backend pytorch --outdir exp/train_nodev_pytorch_train_mtlalpha1.0/results --tensorboard-dir tensorboard/train_nodev_pytorch_train_mtlalpha1.0 --debugmode 1 --dict data/lang_1char/train_nodev_units.txt --debugdir exp/train_nodev_pytorch_train_mtlalpha1.0 --minibatches 0 --verbose 1 --resume --train-json dump/train_nodev/deltafalse/data.json --valid-json dump/train_dev/deltafalse/data.json
run.pl: job failed, log is in exp/train_nodev_pytorch_train_mtlalpha1.0/train.log
