# asr_train.py --config conf/train_mtlalpha1.0_use-frontendTrue.yaml --ngpu 0 --backend pytorch --outdir exp/train_nodev_pytorch_train_mtlalpha1.0_use-frontendTrue/results --tensorboard-dir tensorboard/train_nodev_pytorch_train_mtlalpha1.0_use-frontendTrue --debugmode 1 --dict data/lang_1char/train_nodev_units.txt --debugdir exp/train_nodev_pytorch_train_mtlalpha1.0_use-frontendTrue --minibatches 0 --verbose 1 --resume --train-json dump/train_nodev/deltafalse/data.json --valid-json dump/train_dev/deltafalse/data.json 
# Started at Wed Nov 11 10:24:55 GMT 2020
#
2020-11-11 10:25:01,364 (asr_train:582) INFO: ngpu: 0
2020-11-11 10:25:01,365 (asr_train:585) INFO: python path = (None)
2020-11-11 10:25:01,365 (asr_train:588) INFO: random seed = 1
2020-11-11 10:25:01,367 (asr_train:604) INFO: backend = pytorch
2020-11-11 10:25:01,561 (deterministic_utils:26) INFO: torch type check is disabled
/mnt/c/Users/User/Dropbox/rtmp/src/python/notebooks/espnet/tools/venv/lib/python3.6/site-packages/torch/cuda/__init__.py:52: UserWarning: CUDA initialization: Found no NVIDIA driver on your system. Please check that you have an NVIDIA GPU and installed a driver from http://www.nvidia.com/Download/index.aspx (Triggered internally at  /opt/conda/conda-bld/pytorch_1603728993639/work/c10/cuda/CUDAFunctions.cpp:100.)
  return torch._C._cuda_getDeviceCount() > 0
2020-11-11 10:25:01,563 (asr:401) WARNING: cuda is not available
2020-11-11 10:25:01,566 (asr:412) INFO: stream1: input dims : 83
2020-11-11 10:25:01,566 (asr:413) INFO: #output dims: 30
2020-11-11 10:25:01,566 (asr:422) INFO: Pure CTC mode
2020-11-11 10:25:01,567 (nets_utils:420) INFO: subsample: 1 2 2 1 1
/mnt/c/Users/User/Dropbox/rtmp/src/python/notebooks/espnet/tools/venv/lib/python3.6/site-packages/librosa/filters.py:239: UserWarning: Empty filters detected in mel frequency basis. Some channels will produce empty responses. Try increasing your sampling rate (and fmax) or reducing n_mels.
  "Empty filters detected in mel frequency basis. "
2020-11-11 10:25:01,861 (encoders:294) INFO: BLSTM with every-layer projection for encoder
2020-11-11 10:25:01,862 (ctc:34) WARNING: CTC was set to builtin due to PyTorch version.
2020-11-11 10:25:02,018 (asr:441) INFO:  Total parameter of the model = 10925038
2020-11-11 10:25:02,019 (asr:457) INFO: writing a model config file to exp/train_nodev_pytorch_train_mtlalpha1.0_use-frontendTrue/results/model.json
2020-11-11 10:25:02,026 (asr:467) INFO: ARGS: accum_grad: 1
2020-11-11 10:25:02,027 (asr:467) INFO: ARGS: aconv_chans: 10
2020-11-11 10:25:02,027 (asr:467) INFO: ARGS: aconv_filts: 100
2020-11-11 10:25:02,027 (asr:467) INFO: ARGS: adim: 320
2020-11-11 10:25:02,027 (asr:467) INFO: ARGS: aheads: 4
2020-11-11 10:25:02,027 (asr:467) INFO: ARGS: apply_uttmvn: True
2020-11-11 10:25:02,027 (asr:467) INFO: ARGS: atype: location
2020-11-11 10:25:02,027 (asr:467) INFO: ARGS: awin: 5
2020-11-11 10:25:02,027 (asr:467) INFO: ARGS: backend: pytorch
2020-11-11 10:25:02,027 (asr:467) INFO: ARGS: badim: 320
2020-11-11 10:25:02,027 (asr:467) INFO: ARGS: batch_bins: 0
2020-11-11 10:25:02,027 (asr:467) INFO: ARGS: batch_count: auto
2020-11-11 10:25:02,027 (asr:467) INFO: ARGS: batch_frames_in: 0
2020-11-11 10:25:02,027 (asr:467) INFO: ARGS: batch_frames_inout: 0
2020-11-11 10:25:02,027 (asr:467) INFO: ARGS: batch_frames_out: 0
2020-11-11 10:25:02,027 (asr:467) INFO: ARGS: batch_size: 30
2020-11-11 10:25:02,027 (asr:467) INFO: ARGS: bdropout_rate: 0.0
2020-11-11 10:25:02,027 (asr:467) INFO: ARGS: beam_size: 4
2020-11-11 10:25:02,027 (asr:467) INFO: ARGS: blayers: 2
2020-11-11 10:25:02,027 (asr:467) INFO: ARGS: bnmask: 2
2020-11-11 10:25:02,027 (asr:467) INFO: ARGS: bprojs: 300
2020-11-11 10:25:02,028 (asr:467) INFO: ARGS: btype: blstmp
2020-11-11 10:25:02,028 (asr:467) INFO: ARGS: bunits: 300
2020-11-11 10:25:02,028 (asr:467) INFO: ARGS: char_list: ['<blank>', '<unk>', '<space>', 'A', 'B', 'C', 'D', 'E', 'F', 'G', 'H', 'I', 'J', 'K', 'L', 'M', 'N', 'O', 'P', 'Q', 'R', 'S', 'T', 'U', 'V', 'W', 'X', 'Y', 'Z', '<eos>']
2020-11-11 10:25:02,028 (asr:467) INFO: ARGS: config: conf/train_mtlalpha1.0_use-frontendTrue.yaml
2020-11-11 10:25:02,028 (asr:467) INFO: ARGS: config2: None
2020-11-11 10:25:02,028 (asr:467) INFO: ARGS: config3: None
2020-11-11 10:25:02,028 (asr:467) INFO: ARGS: context_residual: False
2020-11-11 10:25:02,028 (asr:467) INFO: ARGS: criterion: acc
2020-11-11 10:25:02,028 (asr:467) INFO: ARGS: ctc_type: warpctc
2020-11-11 10:25:02,028 (asr:467) INFO: ARGS: ctc_weight: 0.3
2020-11-11 10:25:02,028 (asr:467) INFO: ARGS: debugdir: exp/train_nodev_pytorch_train_mtlalpha1.0_use-frontendTrue
2020-11-11 10:25:02,028 (asr:467) INFO: ARGS: debugmode: 1
2020-11-11 10:25:02,028 (asr:467) INFO: ARGS: dec_init: None
2020-11-11 10:25:02,028 (asr:467) INFO: ARGS: dec_init_mods: ['att.', ' dec.']
2020-11-11 10:25:02,028 (asr:467) INFO: ARGS: dict: data/lang_1char/train_nodev_units.txt
2020-11-11 10:25:02,028 (asr:467) INFO: ARGS: dlayers: 1
2020-11-11 10:25:02,028 (asr:467) INFO: ARGS: dropout_rate: 0.0
2020-11-11 10:25:02,028 (asr:467) INFO: ARGS: dropout_rate_decoder: 0.0
2020-11-11 10:25:02,028 (asr:467) INFO: ARGS: dtype: lstm
2020-11-11 10:25:02,028 (asr:467) INFO: ARGS: dunits: 300
2020-11-11 10:25:02,028 (asr:467) INFO: ARGS: early_stop_criterion: validation/main/acc
2020-11-11 10:25:02,028 (asr:467) INFO: ARGS: elayers: 4
2020-11-11 10:25:02,028 (asr:467) INFO: ARGS: enc_init: None
2020-11-11 10:25:02,029 (asr:467) INFO: ARGS: enc_init_mods: ['enc.enc.']
2020-11-11 10:25:02,029 (asr:467) INFO: ARGS: epochs: 2
2020-11-11 10:25:02,029 (asr:467) INFO: ARGS: eprojs: 320
2020-11-11 10:25:02,029 (asr:467) INFO: ARGS: eps: 1e-08
2020-11-11 10:25:02,029 (asr:467) INFO: ARGS: eps_decay: 0.01
2020-11-11 10:25:02,029 (asr:467) INFO: ARGS: etype: blstmp
2020-11-11 10:25:02,029 (asr:467) INFO: ARGS: eunits: 320
2020-11-11 10:25:02,029 (asr:467) INFO: ARGS: fbank_fmax: None
2020-11-11 10:25:02,029 (asr:467) INFO: ARGS: fbank_fmin: 0.0
2020-11-11 10:25:02,029 (asr:467) INFO: ARGS: fbank_fs: 16000
2020-11-11 10:25:02,029 (asr:467) INFO: ARGS: freeze_mods: None
2020-11-11 10:25:02,029 (asr:467) INFO: ARGS: grad_clip: 5
2020-11-11 10:25:02,029 (asr:467) INFO: ARGS: grad_noise: False
2020-11-11 10:25:02,029 (asr:467) INFO: ARGS: lm_weight: 0.1
2020-11-11 10:25:02,029 (asr:467) INFO: ARGS: lsm_type: 
2020-11-11 10:25:02,029 (asr:467) INFO: ARGS: lsm_weight: 0.0
2020-11-11 10:25:02,029 (asr:467) INFO: ARGS: maxlen_in: 800
2020-11-11 10:25:02,029 (asr:467) INFO: ARGS: maxlen_out: 150
2020-11-11 10:25:02,029 (asr:467) INFO: ARGS: maxlenratio: 0.0
2020-11-11 10:25:02,029 (asr:467) INFO: ARGS: minibatches: 0
2020-11-11 10:25:02,029 (asr:467) INFO: ARGS: minlenratio: 0.0
2020-11-11 10:25:02,029 (asr:467) INFO: ARGS: model_module: espnet.nets.pytorch_backend.e2e_asr:E2E
2020-11-11 10:25:02,029 (asr:467) INFO: ARGS: mtlalpha: 1.0
2020-11-11 10:25:02,029 (asr:467) INFO: ARGS: n_iter_processes: 0
2020-11-11 10:25:02,029 (asr:467) INFO: ARGS: n_mels: 80
2020-11-11 10:25:02,030 (asr:467) INFO: ARGS: nbest: 1
2020-11-11 10:25:02,030 (asr:467) INFO: ARGS: ngpu: 0
2020-11-11 10:25:02,030 (asr:467) INFO: ARGS: num_encs: 1
2020-11-11 10:25:02,030 (asr:467) INFO: ARGS: num_save_attention: 3
2020-11-11 10:25:02,030 (asr:467) INFO: ARGS: num_spkrs: 1
2020-11-11 10:25:02,030 (asr:467) INFO: ARGS: opt: adadelta
2020-11-11 10:25:02,030 (asr:467) INFO: ARGS: outdir: exp/train_nodev_pytorch_train_mtlalpha1.0_use-frontendTrue/results
2020-11-11 10:25:02,030 (asr:467) INFO: ARGS: patience: 3
2020-11-11 10:25:02,030 (asr:467) INFO: ARGS: penalty: 0.0
2020-11-11 10:25:02,030 (asr:467) INFO: ARGS: preprocess_conf: None
2020-11-11 10:25:02,030 (asr:467) INFO: ARGS: ref_channel: -1
2020-11-11 10:25:02,030 (asr:467) INFO: ARGS: report_cer: False
2020-11-11 10:25:02,030 (asr:467) INFO: ARGS: report_interval_iters: 100
2020-11-11 10:25:02,030 (asr:467) INFO: ARGS: report_wer: False
2020-11-11 10:25:02,030 (asr:467) INFO: ARGS: resume: None
2020-11-11 10:25:02,030 (asr:467) INFO: ARGS: rnnlm: None
2020-11-11 10:25:02,030 (asr:467) INFO: ARGS: rnnlm_conf: None
2020-11-11 10:25:02,030 (asr:467) INFO: ARGS: sampling_probability: 0.0
2020-11-11 10:25:02,030 (asr:467) INFO: ARGS: save_interval_iters: 0
2020-11-11 10:25:02,030 (asr:467) INFO: ARGS: seed: 1
2020-11-11 10:25:02,030 (asr:467) INFO: ARGS: sortagrad: 0
2020-11-11 10:25:02,030 (asr:467) INFO: ARGS: stats_file: None
2020-11-11 10:25:02,030 (asr:467) INFO: ARGS: subsample: 1_2_2_1_1
2020-11-11 10:25:02,030 (asr:467) INFO: ARGS: sym_blank: <blank>
2020-11-11 10:25:02,031 (asr:467) INFO: ARGS: sym_space: <space>
2020-11-11 10:25:02,031 (asr:467) INFO: ARGS: tensorboard_dir: tensorboard/train_nodev_pytorch_train_mtlalpha1.0_use-frontendTrue
2020-11-11 10:25:02,031 (asr:467) INFO: ARGS: threshold: 0.0001
2020-11-11 10:25:02,031 (asr:467) INFO: ARGS: train_dtype: float32
2020-11-11 10:25:02,031 (asr:467) INFO: ARGS: train_json: dump/train_nodev/deltafalse/data.json
2020-11-11 10:25:02,031 (asr:467) INFO: ARGS: use_beamformer: True
2020-11-11 10:25:02,031 (asr:467) INFO: ARGS: use_dnn_mask_for_wpe: False
2020-11-11 10:25:02,031 (asr:467) INFO: ARGS: use_frontend: True
2020-11-11 10:25:02,031 (asr:467) INFO: ARGS: use_wpe: False
2020-11-11 10:25:02,031 (asr:467) INFO: ARGS: uttmvn_norm_means: True
2020-11-11 10:25:02,031 (asr:467) INFO: ARGS: uttmvn_norm_vars: False
2020-11-11 10:25:02,031 (asr:467) INFO: ARGS: valid_json: dump/train_dev/deltafalse/data.json
2020-11-11 10:25:02,031 (asr:467) INFO: ARGS: verbose: 1
2020-11-11 10:25:02,031 (asr:467) INFO: ARGS: wdropout_rate: 0.0
2020-11-11 10:25:02,031 (asr:467) INFO: ARGS: weight_decay: 0.0
2020-11-11 10:25:02,031 (asr:467) INFO: ARGS: wlayers: 2
2020-11-11 10:25:02,031 (asr:467) INFO: ARGS: wpe_delay: 3
2020-11-11 10:25:02,031 (asr:467) INFO: ARGS: wpe_taps: 5
2020-11-11 10:25:02,031 (asr:467) INFO: ARGS: wprojs: 300
2020-11-11 10:25:02,031 (asr:467) INFO: ARGS: wtype: blstmp
2020-11-11 10:25:02,031 (asr:467) INFO: ARGS: wunits: 300
2020-11-11 10:25:02,047 (batchfy:433) INFO: count is auto detected as seq
2020-11-11 10:25:02,048 (batchfy:457) INFO: # utts: 848
2020-11-11 10:25:02,048 (batchfy:502) INFO: # minibatches: 29
2020-11-11 10:25:02,048 (batchfy:433) INFO: count is auto detected as seq
2020-11-11 10:25:02,048 (batchfy:457) INFO: # utts: 100
2020-11-11 10:25:02,048 (batchfy:502) INFO: # minibatches: 4
[JException in main training loop: real is not implemented for tensors with non-complex dtypes.
Traceback (most recent call last):
  File "/mnt/c/Users/User/Dropbox/rtmp/src/python/notebooks/espnet/tools/venv/lib/python3.6/site-packages/chainer/training/trainer.py", line 316, in run
    update()
  File "/mnt/c/Users/User/Dropbox/rtmp/src/python/notebooks/espnet/espnet/asr/pytorch_backend/asr.py", line 242, in update
    self.update_core()
  File "/mnt/c/Users/User/Dropbox/rtmp/src/python/notebooks/espnet/espnet/asr/pytorch_backend/asr.py", line 202, in update_core
    loss = self.model(*x).mean() / self.accum_grad
  File "/mnt/c/Users/User/Dropbox/rtmp/src/python/notebooks/espnet/tools/venv/lib/python3.6/site-packages/torch/nn/modules/module.py", line 727, in _call_impl
    result = self.forward(*input, **kwargs)
  File "/mnt/c/Users/User/Dropbox/rtmp/src/python/notebooks/espnet/espnet/nets/pytorch_backend/e2e_asr.py", line 352, in forward
    hs_pad, hlens = self.feature_transform(hs_pad, hlens)
  File "/mnt/c/Users/User/Dropbox/rtmp/src/python/notebooks/espnet/tools/venv/lib/python3.6/site-packages/torch/nn/modules/module.py", line 727, in _call_impl
    result = self.forward(*input, **kwargs)
  File "/mnt/c/Users/User/Dropbox/rtmp/src/python/notebooks/espnet/espnet/nets/pytorch_backend/frontends/feature_transform.py", line 67, in forward
    h = h.real ** 2 + h.imag ** 2
Will finalize trainer extensions and updater before reraising the exception.
Traceback (most recent call last):
  File "/mnt/c/Users/User/Dropbox/rtmp/src/python/notebooks/espnet/egs/an4/asr1/../../../espnet/bin/asr_train.py", line 628, in <module>
    main(sys.argv[1:])
  File "/mnt/c/Users/User/Dropbox/rtmp/src/python/notebooks/espnet/egs/an4/asr1/../../../espnet/bin/asr_train.py", line 614, in main
    train(args)
  File "/mnt/c/Users/User/Dropbox/rtmp/src/python/notebooks/espnet/espnet/asr/pytorch_backend/asr.py", line 830, in train
    trainer.run()
  File "/mnt/c/Users/User/Dropbox/rtmp/src/python/notebooks/espnet/tools/venv/lib/python3.6/site-packages/chainer/training/trainer.py", line 349, in run
    six.reraise(*exc_info)
  File "/mnt/c/Users/User/Dropbox/rtmp/src/python/notebooks/espnet/tools/venv/lib/python3.6/site-packages/six.py", line 703, in reraise
    raise value
  File "/mnt/c/Users/User/Dropbox/rtmp/src/python/notebooks/espnet/tools/venv/lib/python3.6/site-packages/chainer/training/trainer.py", line 316, in run
    update()
  File "/mnt/c/Users/User/Dropbox/rtmp/src/python/notebooks/espnet/espnet/asr/pytorch_backend/asr.py", line 242, in update
    self.update_core()
  File "/mnt/c/Users/User/Dropbox/rtmp/src/python/notebooks/espnet/espnet/asr/pytorch_backend/asr.py", line 202, in update_core
    loss = self.model(*x).mean() / self.accum_grad
  File "/mnt/c/Users/User/Dropbox/rtmp/src/python/notebooks/espnet/tools/venv/lib/python3.6/site-packages/torch/nn/modules/module.py", line 727, in _call_impl
    result = self.forward(*input, **kwargs)
  File "/mnt/c/Users/User/Dropbox/rtmp/src/python/notebooks/espnet/espnet/nets/pytorch_backend/e2e_asr.py", line 352, in forward
    hs_pad, hlens = self.feature_transform(hs_pad, hlens)
  File "/mnt/c/Users/User/Dropbox/rtmp/src/python/notebooks/espnet/tools/venv/lib/python3.6/site-packages/torch/nn/modules/module.py", line 727, in _call_impl
    result = self.forward(*input, **kwargs)
  File "/mnt/c/Users/User/Dropbox/rtmp/src/python/notebooks/espnet/espnet/nets/pytorch_backend/frontends/feature_transform.py", line 67, in forward
    h = h.real ** 2 + h.imag ** 2
RuntimeError: real is not implemented for tensors with non-complex dtypes.
# Accounting: time=7 threads=1
# Ended (code 1) at Wed Nov 11 10:25:02 GMT 2020, elapsed time 7 seconds
