bash: invalid option --use-frontend
bash: invalid option --use-frontend
stage 1 done
dictionary: data/lang_1char/tr_it_units.txt
stage 2 done. 
stage 3: Network Training
stage 3 done.
stage 4: Decoding
average over ['exp/tr_it_pytorch_train/results/snapshot.ep.191', 'exp/tr_it_pytorch_train/results/snapshot.ep.192', 'exp/tr_it_pytorch_train/results/snapshot.ep.193', 'exp/tr_it_pytorch_train/results/snapshot.ep.194', 'exp/tr_it_pytorch_train/results/snapshot.ep.195', 'exp/tr_it_pytorch_train/results/snapshot.ep.196', 'exp/tr_it_pytorch_train/results/snapshot.ep.197', 'exp/tr_it_pytorch_train/results/snapshot.ep.198', 'exp/tr_it_pytorch_train/results/snapshot.ep.199', 'exp/tr_it_pytorch_train/results/snapshot.ep.200']
2020-09-07 17:24:58,828 (splitjson:43) INFO: /home/john/anaconda3/bin/python3 /home/john/src/python/espnet/egs/voxforge/asr1/../../../utils/splitjson.py --parts 16 dump/dt_it/deltafalse/data.json
2020-09-07 17:24:58,828 (splitjson:43) INFO: /home/john/anaconda3/bin/python3 /home/john/src/python/espnet/egs/voxforge/asr1/../../../utils/splitjson.py --parts 16 dump/et_it/deltafalse/data.json
2020-09-07 17:24:59,052 (splitjson:55) INFO: number of utterances = 1082
2020-09-07 17:24:59,054 (splitjson:55) INFO: number of utterances = 1055
2020-09-08 00:32:01,544 (concatjson:36) INFO: /home/john/anaconda3/bin/python3 /home/john/src/python/espnet/egs/voxforge/asr1/../../../utils/concatjson.py exp/tr_it_pytorch_train/decode_et_it_decode/data.1.json exp/tr_it_pytorch_train/decode_et_it_decode/data.10.json exp/tr_it_pytorch_train/decode_et_it_decode/data.11.json exp/tr_it_pytorch_train/decode_et_it_decode/data.12.json exp/tr_it_pytorch_train/decode_et_it_decode/data.13.json exp/tr_it_pytorch_train/decode_et_it_decode/data.14.json exp/tr_it_pytorch_train/decode_et_it_decode/data.15.json exp/tr_it_pytorch_train/decode_et_it_decode/data.16.json exp/tr_it_pytorch_train/decode_et_it_decode/data.2.json exp/tr_it_pytorch_train/decode_et_it_decode/data.3.json exp/tr_it_pytorch_train/decode_et_it_decode/data.4.json exp/tr_it_pytorch_train/decode_et_it_decode/data.5.json exp/tr_it_pytorch_train/decode_et_it_decode/data.6.json exp/tr_it_pytorch_train/decode_et_it_decode/data.7.json exp/tr_it_pytorch_train/decode_et_it_decode/data.8.json exp/tr_it_pytorch_train/decode_et_it_decode/data.9.json
2020-09-08 00:32:01,557 (concatjson:46) INFO: new json has 1055 utterances
2020-09-08 00:32:01,880 (json2trn:44) INFO: /home/john/anaconda3/bin/python3 /home/john/src/python/espnet/egs/voxforge/asr1/../../../utils/json2trn.py exp/tr_it_pytorch_train/decode_et_it_decode/data.json data/lang_1char/tr_it_units.txt --num-spkrs 1 --refs exp/tr_it_pytorch_train/decode_et_it_decode/ref.trn --hyps exp/tr_it_pytorch_train/decode_et_it_decode/hyp.trn
2020-09-08 00:32:01,880 (json2trn:46) INFO: reading exp/tr_it_pytorch_train/decode_et_it_decode/data.json
2020-09-08 00:32:01,894 (json2trn:50) INFO: reading data/lang_1char/tr_it_units.txt
write a CER (or TER) result in exp/tr_it_pytorch_train/decode_et_it_decode/result.txt
| SPKR                  | # Snt  # Wrd | Corr    Sub    Del    Ins    Err  S.Err |
| Sum/Avg               | 1055   77966 | 74.4   12.1   13.5    5.8   31.4   99.8 |
write a WER result in exp/tr_it_pytorch_train/decode_et_it_decode/result.wrd.txt
| SPKR                  | # Snt # Wrd | Corr    Sub    Del    Ins    Err  S.Err |
| Sum/Avg               | 1055  12990 | 33.3   58.8    7.9    8.8   75.5   99.8 |
2020-09-08 00:33:36,796 (concatjson:36) INFO: /home/john/anaconda3/bin/python3 /home/john/src/python/espnet/egs/voxforge/asr1/../../../utils/concatjson.py exp/tr_it_pytorch_train/decode_dt_it_decode/data.1.json exp/tr_it_pytorch_train/decode_dt_it_decode/data.10.json exp/tr_it_pytorch_train/decode_dt_it_decode/data.11.json exp/tr_it_pytorch_train/decode_dt_it_decode/data.12.json exp/tr_it_pytorch_train/decode_dt_it_decode/data.13.json exp/tr_it_pytorch_train/decode_dt_it_decode/data.14.json exp/tr_it_pytorch_train/decode_dt_it_decode/data.15.json exp/tr_it_pytorch_train/decode_dt_it_decode/data.16.json exp/tr_it_pytorch_train/decode_dt_it_decode/data.2.json exp/tr_it_pytorch_train/decode_dt_it_decode/data.3.json exp/tr_it_pytorch_train/decode_dt_it_decode/data.4.json exp/tr_it_pytorch_train/decode_dt_it_decode/data.5.json exp/tr_it_pytorch_train/decode_dt_it_decode/data.6.json exp/tr_it_pytorch_train/decode_dt_it_decode/data.7.json exp/tr_it_pytorch_train/decode_dt_it_decode/data.8.json exp/tr_it_pytorch_train/decode_dt_it_decode/data.9.json
2020-09-08 00:33:36,808 (concatjson:46) INFO: new json has 1082 utterances
2020-09-08 00:33:37,079 (json2trn:44) INFO: /home/john/anaconda3/bin/python3 /home/john/src/python/espnet/egs/voxforge/asr1/../../../utils/json2trn.py exp/tr_it_pytorch_train/decode_dt_it_decode/data.json data/lang_1char/tr_it_units.txt --num-spkrs 1 --refs exp/tr_it_pytorch_train/decode_dt_it_decode/ref.trn --hyps exp/tr_it_pytorch_train/decode_dt_it_decode/hyp.trn
2020-09-08 00:33:37,079 (json2trn:46) INFO: reading exp/tr_it_pytorch_train/decode_dt_it_decode/data.json
2020-09-08 00:33:37,090 (json2trn:50) INFO: reading data/lang_1char/tr_it_units.txt
write a CER (or TER) result in exp/tr_it_pytorch_train/decode_dt_it_decode/result.txt
| SPKR                  | # Snt  # Wrd | Corr    Sub    Del    Ins    Err  S.Err |
| Sum/Avg               | 1082   79133 | 75.1   11.8   13.1    6.0   30.8  100.0 |
write a WER result in exp/tr_it_pytorch_train/decode_dt_it_decode/result.wrd.txt
| SPKR                  | # Snt # Wrd | Corr    Sub    Del    Ins    Err  S.Err |
| Sum/Avg               | 1082  13235 | 35.6   56.9    7.5    8.8   73.1  100.0 |
Finished
