stage 1 done
dictionary: data/lang_1char/tr_it_units.txt
stage 2 done. 
stage 3: Network Training
stage 3 done.
stage 4: Decoding
average over ['exp/tr_it_pytorch_train/results/snapshot.ep.191', 'exp/tr_it_pytorch_train/results/snapshot.ep.192', 'exp/tr_it_pytorch_train/results/snapshot.ep.193', 'exp/tr_it_pytorch_train/results/snapshot.ep.194', 'exp/tr_it_pytorch_train/results/snapshot.ep.195', 'exp/tr_it_pytorch_train/results/snapshot.ep.196', 'exp/tr_it_pytorch_train/results/snapshot.ep.197', 'exp/tr_it_pytorch_train/results/snapshot.ep.198', 'exp/tr_it_pytorch_train/results/snapshot.ep.199', 'exp/tr_it_pytorch_train/results/snapshot.ep.200']
2020-06-29 20:53:20,675 (splitjson:43) INFO: /home/john/anaconda3/bin/python3 /home/john/src/python/espnet/egs/voxforge/asr1/../../../utils/splitjson.py --parts 16 dump/dt_it/deltafalse/data.json
2020-06-29 20:53:20,675 (splitjson:43) INFO: /home/john/anaconda3/bin/python3 /home/john/src/python/espnet/egs/voxforge/asr1/../../../utils/splitjson.py --parts 16 dump/et_it/deltafalse/data.json
2020-06-29 20:53:20,851 (splitjson:55) INFO: number of utterances = 1082
2020-06-29 20:53:20,856 (splitjson:55) INFO: number of utterances = 1055
2020-06-30 03:35:54,042 (concatjson:36) INFO: /home/john/anaconda3/bin/python3 /home/john/src/python/espnet/egs/voxforge/asr1/../../../utils/concatjson.py exp/tr_it_pytorch_train/decode_et_it_decode/data.1.json exp/tr_it_pytorch_train/decode_et_it_decode/data.10.json exp/tr_it_pytorch_train/decode_et_it_decode/data.11.json exp/tr_it_pytorch_train/decode_et_it_decode/data.12.json exp/tr_it_pytorch_train/decode_et_it_decode/data.13.json exp/tr_it_pytorch_train/decode_et_it_decode/data.14.json exp/tr_it_pytorch_train/decode_et_it_decode/data.15.json exp/tr_it_pytorch_train/decode_et_it_decode/data.16.json exp/tr_it_pytorch_train/decode_et_it_decode/data.2.json exp/tr_it_pytorch_train/decode_et_it_decode/data.3.json exp/tr_it_pytorch_train/decode_et_it_decode/data.4.json exp/tr_it_pytorch_train/decode_et_it_decode/data.5.json exp/tr_it_pytorch_train/decode_et_it_decode/data.6.json exp/tr_it_pytorch_train/decode_et_it_decode/data.7.json exp/tr_it_pytorch_train/decode_et_it_decode/data.8.json exp/tr_it_pytorch_train/decode_et_it_decode/data.9.json
2020-06-30 03:35:54,054 (concatjson:46) INFO: new json has 1055 utterances
2020-06-30 03:35:54,370 (json2trn:44) INFO: /home/john/anaconda3/bin/python3 /home/john/src/python/espnet/egs/voxforge/asr1/../../../utils/json2trn.py exp/tr_it_pytorch_train/decode_et_it_decode/data.json data/lang_1char/tr_it_units.txt --num-spkrs 1 --refs exp/tr_it_pytorch_train/decode_et_it_decode/ref.trn --hyps exp/tr_it_pytorch_train/decode_et_it_decode/hyp.trn
2020-06-30 03:35:54,370 (json2trn:46) INFO: reading exp/tr_it_pytorch_train/decode_et_it_decode/data.json
2020-06-30 03:35:54,382 (json2trn:50) INFO: reading data/lang_1char/tr_it_units.txt
write a CER (or TER) result in exp/tr_it_pytorch_train/decode_et_it_decode/result.txt
| SPKR                  | # Snt  # Wrd | Corr    Sub    Del    Ins    Err  S.Err |
| Sum/Avg               | 1055   77966 | 75.4   11.5   13.1    5.5   30.1   99.9 |
write a WER result in exp/tr_it_pytorch_train/decode_et_it_decode/result.wrd.txt
| SPKR                  | # Snt # Wrd | Corr    Sub    Del    Ins    Err  S.Err |
| Sum/Avg               | 1055  12990 | 35.1   57.0    7.8    8.9   73.8   99.9 |
2020-06-30 03:38:01,474 (concatjson:36) INFO: /home/john/anaconda3/bin/python3 /home/john/src/python/espnet/egs/voxforge/asr1/../../../utils/concatjson.py exp/tr_it_pytorch_train/decode_dt_it_decode/data.1.json exp/tr_it_pytorch_train/decode_dt_it_decode/data.10.json exp/tr_it_pytorch_train/decode_dt_it_decode/data.11.json exp/tr_it_pytorch_train/decode_dt_it_decode/data.12.json exp/tr_it_pytorch_train/decode_dt_it_decode/data.13.json exp/tr_it_pytorch_train/decode_dt_it_decode/data.14.json exp/tr_it_pytorch_train/decode_dt_it_decode/data.15.json exp/tr_it_pytorch_train/decode_dt_it_decode/data.16.json exp/tr_it_pytorch_train/decode_dt_it_decode/data.2.json exp/tr_it_pytorch_train/decode_dt_it_decode/data.3.json exp/tr_it_pytorch_train/decode_dt_it_decode/data.4.json exp/tr_it_pytorch_train/decode_dt_it_decode/data.5.json exp/tr_it_pytorch_train/decode_dt_it_decode/data.6.json exp/tr_it_pytorch_train/decode_dt_it_decode/data.7.json exp/tr_it_pytorch_train/decode_dt_it_decode/data.8.json exp/tr_it_pytorch_train/decode_dt_it_decode/data.9.json
2020-06-30 03:38:01,485 (concatjson:46) INFO: new json has 1082 utterances
2020-06-30 03:38:01,754 (json2trn:44) INFO: /home/john/anaconda3/bin/python3 /home/john/src/python/espnet/egs/voxforge/asr1/../../../utils/json2trn.py exp/tr_it_pytorch_train/decode_dt_it_decode/data.json data/lang_1char/tr_it_units.txt --num-spkrs 1 --refs exp/tr_it_pytorch_train/decode_dt_it_decode/ref.trn --hyps exp/tr_it_pytorch_train/decode_dt_it_decode/hyp.trn
2020-06-30 03:38:01,754 (json2trn:46) INFO: reading exp/tr_it_pytorch_train/decode_dt_it_decode/data.json
2020-06-30 03:38:01,765 (json2trn:50) INFO: reading data/lang_1char/tr_it_units.txt
write a CER (or TER) result in exp/tr_it_pytorch_train/decode_dt_it_decode/result.txt
| SPKR                  | # Snt  # Wrd | Corr    Sub    Del    Ins    Err  S.Err |
| Sum/Avg               | 1082   79133 | 75.6   11.1   13.3    5.5   30.0   99.8 |
write a WER result in exp/tr_it_pytorch_train/decode_dt_it_decode/result.wrd.txt
| SPKR                  | # Snt # Wrd | Corr    Sub    Del    Ins    Err  S.Err |
| Sum/Avg               | 1082  13235 | 36.1   56.1    7.8    8.5   72.4   99.8 |
Finished
