dictionary: data/lang_char/valid_train_en_unigram150_units.txt
stage 3: LM Preparation
processed 10000 lines
processed 20000 lines
processed 30000 lines
processed 40000 lines
processed 50000 lines
processed 60000 lines
processed 70000 lines
processed 80000 lines
processed 90000 lines
processed 100000 lines
processed 110000 lines
processed 120000 lines
processed 130000 lines
processed 140000 lines
processed 150000 lines
processed 160000 lines
processed 170000 lines
processed 180000 lines
processed 190000 lines
processed 200000 lines
processed 210000 lines
processed 220000 lines
processed 230000 lines
processed 240000 lines
processed 250000 lines
processed 260000 lines
processed 270000 lines
processed 280000 lines
processed 290000 lines
processed 300000 lines
processed 310000 lines
processed 320000 lines
processed 330000 lines
processed 340000 lines
processed 350000 lines
processed 360000 lines
processed 370000 lines
processed 380000 lines
processed 390000 lines
processed 400000 lines
processed 410000 lines
processed 420000 lines
processed 430000 lines
processed 440000 lines
processed 450000 lines
processed 460000 lines
processed 470000 lines
processed 480000 lines
processed 490000 lines
processed 500000 lines
processed 510000 lines
skipped 0 empty lines
filtered 0 lines
processed 10000 lines
processed 20000 lines
processed 30000 lines
processed 40000 lines
processed 50000 lines
processed 60000 lines
skipped 0 empty lines
filtered 0 lines
run.pl: job failed, log is in exp/train_rnnlm_pytorch_lm_unigram150/train.log
dictionary: data/lang_char/valid_train_en_unigram150_units.txt
stage 3: LM Preparation
processed 10000 lines
processed 20000 lines
processed 30000 lines
processed 40000 lines
processed 50000 lines
processed 60000 lines
processed 70000 lines
processed 80000 lines
processed 90000 lines
processed 100000 lines
processed 110000 lines
processed 120000 lines
processed 130000 lines
processed 140000 lines
processed 150000 lines
processed 160000 lines
processed 170000 lines
processed 180000 lines
processed 190000 lines
processed 200000 lines
processed 210000 lines
processed 220000 lines
processed 230000 lines
processed 240000 lines
processed 250000 lines
processed 260000 lines
processed 270000 lines
processed 280000 lines
processed 290000 lines
processed 300000 lines
processed 310000 lines
processed 320000 lines
processed 330000 lines
processed 340000 lines
processed 350000 lines
processed 360000 lines
processed 370000 lines
processed 380000 lines
processed 390000 lines
processed 400000 lines
processed 410000 lines
processed 420000 lines
processed 430000 lines
processed 440000 lines
processed 450000 lines
processed 460000 lines
processed 470000 lines
processed 480000 lines
processed 490000 lines
processed 500000 lines
processed 510000 lines
skipped 0 empty lines
filtered 0 lines
processed 10000 lines
processed 20000 lines
processed 30000 lines
processed 40000 lines
processed 50000 lines
processed 60000 lines
skipped 0 empty lines
filtered 0 lines
run.pl: job failed, log is in exp/train_rnnlm_pytorch_lm_unigram150/train.log
