# paste-feats --length-tolerance=2 "ark:compute-fbank-feats  --write-utt2dur=ark,t:exp/make_fbank/train/utt2dur.7    --verbose=2 --config=conf/fbank.conf scp,p:exp/make_fbank/train/wav_train.7.scp ark:- |" "ark,s,cs:compute-kaldi-pitch-feats --verbose=2       --config=conf/pitch.conf scp,p:exp/make_fbank/train/wav_train.7.scp ark:- |     process-kaldi-pitch-feats  ark:- ark:- |" ark:- | copy-feats --compress=true --write-num-frames=ark,t:exp/make_fbank/train/utt2num_frames.7 ark:- ark,scp:/mnt/c/Users/User/Dropbox/rtmp/src/python/notebooks/espnet/egs/an4/asr1/fbank/raw_fbank_pitch_train.7.ark,/mnt/c/Users/User/Dropbox/rtmp/src/python/notebooks/espnet/egs/an4/asr1/fbank/raw_fbank_pitch_train.7.scp 
# Started at Wed Nov 11 18:54:38 GMT 2020
#
copy-feats --compress=true --write-num-frames=ark,t:exp/make_fbank/train/utt2num_frames.7 ark:- ark,scp:/mnt/c/Users/User/Dropbox/rtmp/src/python/notebooks/espnet/egs/an4/asr1/fbank/raw_fbank_pitch_train.7.ark,/mnt/c/Users/User/Dropbox/rtmp/src/python/notebooks/espnet/egs/an4/asr1/fbank/raw_fbank_pitch_train.7.scp 
paste-feats --length-tolerance=2 'ark:compute-fbank-feats  --write-utt2dur=ark,t:exp/make_fbank/train/utt2dur.7    --verbose=2 --config=conf/fbank.conf scp,p:exp/make_fbank/train/wav_train.7.scp ark:- |' 'ark,s,cs:compute-kaldi-pitch-feats --verbose=2       --config=conf/pitch.conf scp,p:exp/make_fbank/train/wav_train.7.scp ark:- |     process-kaldi-pitch-feats  ark:- ark:- |' ark:- 
compute-fbank-feats --write-utt2dur=ark,t:exp/make_fbank/train/utt2dur.7 --verbose=2 --config=conf/fbank.conf scp,p:exp/make_fbank/train/wav_train.7.scp ark:- 
VLOG[2] (compute-fbank-feats[5.5.0~1-29b3]:main():compute-fbank-feats.cc:182) Processed features for key mmtm-cen2-b
process-kaldi-pitch-feats ark:- ark:- 
compute-kaldi-pitch-feats --verbose=2 --config=conf/pitch.conf scp,p:exp/make_fbank/train/wav_train.7.scp ark:- 
VLOG[2] (compute-fbank-feats[5.5.0~1-29b3]:main():compute-fbank-feats.cc:182) Processed features for key mmtm-cen3-b
VLOG[2] (compute-fbank-feats[5.5.0~1-29b3]:main():compute-fbank-feats.cc:182) Processed features for key mmtm-cen4-b
VLOG[2] (compute-fbank-feats[5.5.0~1-29b3]:main():compute-fbank-feats.cc:182) Processed features for key mmtm-cen5-b
VLOG[2] (compute-fbank-feats[5.5.0~1-29b3]:main():compute-fbank-feats.cc:182) Processed features for key mmtm-cen6-b
VLOG[2] (compute-fbank-feats[5.5.0~1-29b3]:main():compute-fbank-feats.cc:182) Processed features for key mmtm-cen7-b
VLOG[2] (compute-fbank-feats[5.5.0~1-29b3]:main():compute-fbank-feats.cc:182) Processed features for key mmtm-cen8-b
VLOG[2] (compute-fbank-feats[5.5.0~1-29b3]:main():compute-fbank-feats.cc:182) Processed features for key mnfe-an346-b
VLOG[2] (compute-fbank-feats[5.5.0~1-29b3]:main():compute-fbank-feats.cc:182) Processed features for key mnfe-an347-b
LOG (compute-fbank-feats[5.5.0~1-29b3]:main():compute-fbank-feats.cc:181) Processed 10 utterances
VLOG[2] (compute-fbank-feats[5.5.0~1-29b3]:main():compute-fbank-feats.cc:182) Processed features for key mnfe-an348-b
VLOG[2] (compute-fbank-feats[5.5.0~1-29b3]:main():compute-fbank-feats.cc:182) Processed features for key mnfe-an349-b
VLOG[2] (compute-fbank-feats[5.5.0~1-29b3]:main():compute-fbank-feats.cc:182) Processed features for key mnfe-an350-b
VLOG[2] (compute-fbank-feats[5.5.0~1-29b3]:main():compute-fbank-feats.cc:182) Processed features for key mnfe-cen1-b
VLOG[2] (compute-fbank-feats[5.5.0~1-29b3]:main():compute-fbank-feats.cc:182) Processed features for key mnfe-cen2-b
VLOG[2] (compute-fbank-feats[5.5.0~1-29b3]:main():compute-fbank-feats.cc:182) Processed features for key mnfe-cen3-b
VLOG[2] (compute-fbank-feats[5.5.0~1-29b3]:main():compute-fbank-feats.cc:182) Processed features for key mnfe-cen4-b
VLOG[2] (compute-fbank-feats[5.5.0~1-29b3]:main():compute-fbank-feats.cc:182) Processed features for key mnfe-cen5-b
VLOG[2] (compute-fbank-feats[5.5.0~1-29b3]:main():compute-fbank-feats.cc:182) Processed features for key mnfe-cen6-b
VLOG[2] (compute-fbank-feats[5.5.0~1-29b3]:main():compute-fbank-feats.cc:182) Processed features for key mnfe-cen7-b
LOG (compute-fbank-feats[5.5.0~1-29b3]:main():compute-fbank-feats.cc:181) Processed 20 utterances
VLOG[2] (compute-fbank-feats[5.5.0~1-29b3]:main():compute-fbank-feats.cc:182) Processed features for key mnfe-cen8-b
VLOG[2] (compute-fbank-feats[5.5.0~1-29b3]:main():compute-fbank-feats.cc:182) Processed features for key mnjl-an81-b
VLOG[2] (compute-fbank-feats[5.5.0~1-29b3]:main():compute-fbank-feats.cc:182) Processed features for key mnjl-an82-b
VLOG[2] (compute-fbank-feats[5.5.0~1-29b3]:main():compute-fbank-feats.cc:182) Processed features for key mnjl-an83-b
VLOG[2] (compute-fbank-feats[5.5.0~1-29b3]:main():compute-fbank-feats.cc:182) Processed features for key mnjl-an84-b
VLOG[2] (compute-fbank-feats[5.5.0~1-29b3]:main():compute-fbank-feats.cc:182) Processed features for key mnjl-an85-b
VLOG[2] (compute-fbank-feats[5.5.0~1-29b3]:main():compute-fbank-feats.cc:182) Processed features for key mnjl-cen1-b
VLOG[2] (compute-fbank-feats[5.5.0~1-29b3]:main():compute-fbank-feats.cc:182) Processed features for key mnjl-cen2-b
VLOG[2] (compute-fbank-feats[5.5.0~1-29b3]:main():compute-fbank-feats.cc:182) Processed features for key mnjl-cen3-b
VLOG[2] (compute-fbank-feats[5.5.0~1-29b3]:main():compute-fbank-feats.cc:182) Processed features for key mnjl-cen5-b
LOG (compute-fbank-feats[5.5.0~1-29b3]:main():compute-fbank-feats.cc:181) Processed 30 utterances
VLOG[2] (compute-fbank-feats[5.5.0~1-29b3]:main():compute-fbank-feats.cc:182) Processed features for key mnjl-cen6-b
VLOG[2] (compute-fbank-feats[5.5.0~1-29b3]:main():compute-fbank-feats.cc:182) Processed features for key mnjl-cen7-b
VLOG[2] (compute-fbank-feats[5.5.0~1-29b3]:main():compute-fbank-feats.cc:182) Processed features for key mnjl-cen8-b
VLOG[2] (compute-fbank-feats[5.5.0~1-29b3]:main():compute-fbank-feats.cc:182) Processed features for key mrab-an71-b
VLOG[2] (compute-fbank-feats[5.5.0~1-29b3]:main():compute-fbank-feats.cc:182) Processed features for key mrab-an72-b
VLOG[2] (compute-fbank-feats[5.5.0~1-29b3]:main():compute-fbank-feats.cc:182) Processed features for key mrab-an73-b
VLOG[2] (compute-fbank-feats[5.5.0~1-29b3]:main():compute-fbank-feats.cc:182) Processed features for key mrab-an74-b
VLOG[2] (compute-fbank-feats[5.5.0~1-29b3]:main():compute-fbank-feats.cc:182) Processed features for key mrab-an75-b
VLOG[2] (compute-fbank-feats[5.5.0~1-29b3]:main():compute-fbank-feats.cc:182) Processed features for key mrab-cen1-b
VLOG[2] (compute-fbank-feats[5.5.0~1-29b3]:main():compute-fbank-feats.cc:182) Processed features for key mrab-cen2-b
LOG (compute-fbank-feats[5.5.0~1-29b3]:main():compute-fbank-feats.cc:181) Processed 40 utterances
VLOG[2] (compute-fbank-feats[5.5.0~1-29b3]:main():compute-fbank-feats.cc:182) Processed features for key mrab-cen3-b
VLOG[2] (compute-fbank-feats[5.5.0~1-29b3]:main():compute-fbank-feats.cc:182) Processed features for key mrab-cen4-b
VLOG[2] (compute-fbank-feats[5.5.0~1-29b3]:main():compute-fbank-feats.cc:182) Processed features for key mrab-cen5-b
VLOG[2] (compute-fbank-feats[5.5.0~1-29b3]:main():compute-fbank-feats.cc:182) Processed features for key mrab-cen6-b
VLOG[2] (compute-fbank-feats[5.5.0~1-29b3]:main():compute-fbank-feats.cc:182) Processed features for key mrab-cen7-b
VLOG[2] (compute-fbank-feats[5.5.0~1-29b3]:main():compute-fbank-feats.cc:182) Processed features for key mrab-cen8-b
VLOG[2] (compute-fbank-feats[5.5.0~1-29b3]:main():compute-fbank-feats.cc:182) Processed features for key mrcb-an101-b
VLOG[2] (compute-kaldi-pitch-feats[5.5.0~1-29b3]:main():compute-kaldi-pitch-feats.cc:107) Processed 50 utterances
VLOG[2] (compute-fbank-feats[5.5.0~1-29b3]:main():compute-fbank-feats.cc:182) Processed features for key mrcb-an102-b
VLOG[2] (compute-fbank-feats[5.5.0~1-29b3]:main():compute-fbank-feats.cc:182) Processed features for key mrcb-an103-b
VLOG[2] (compute-fbank-feats[5.5.0~1-29b3]:main():compute-fbank-feats.cc:182) Processed features for key mrcb-an104-b
LOG (compute-fbank-feats[5.5.0~1-29b3]:main():compute-fbank-feats.cc:181) Processed 50 utterances
VLOG[2] (compute-fbank-feats[5.5.0~1-29b3]:main():compute-fbank-feats.cc:182) Processed features for key mrcb-an105-b
VLOG[2] (compute-fbank-feats[5.5.0~1-29b3]:main():compute-fbank-feats.cc:182) Processed features for key mrcb-cen1-b
VLOG[2] (compute-fbank-feats[5.5.0~1-29b3]:main():compute-fbank-feats.cc:182) Processed features for key mrcb-cen2-b
VLOG[2] (compute-fbank-feats[5.5.0~1-29b3]:main():compute-fbank-feats.cc:182) Processed features for key mrcb-cen3-b
VLOG[2] (compute-fbank-feats[5.5.0~1-29b3]:main():compute-fbank-feats.cc:182) Processed features for key mrcb-cen4-b
VLOG[2] (compute-fbank-feats[5.5.0~1-29b3]:main():compute-fbank-feats.cc:182) Processed features for key mrcb-cen5-b
VLOG[2] (compute-fbank-feats[5.5.0~1-29b3]:main():compute-fbank-feats.cc:182) Processed features for key mrcb-cen6-b
VLOG[2] (compute-fbank-feats[5.5.0~1-29b3]:main():compute-fbank-feats.cc:182) Processed features for key mrcb-cen7-b
VLOG[2] (compute-fbank-feats[5.5.0~1-29b3]:main():compute-fbank-feats.cc:182) Processed features for key mrcb-cen8-b
VLOG[2] (compute-fbank-feats[5.5.0~1-29b3]:main():compute-fbank-feats.cc:182) Processed features for key mrjc2-an236-b
LOG (compute-fbank-feats[5.5.0~1-29b3]:main():compute-fbank-feats.cc:181) Processed 60 utterances
VLOG[2] (compute-fbank-feats[5.5.0~1-29b3]:main():compute-fbank-feats.cc:182) Processed features for key mrjc2-an237-b
VLOG[2] (compute-fbank-feats[5.5.0~1-29b3]:main():compute-fbank-feats.cc:182) Processed features for key mrjc2-an238-b
VLOG[2] (compute-fbank-feats[5.5.0~1-29b3]:main():compute-fbank-feats.cc:182) Processed features for key mrjc2-an239-b
VLOG[2] (compute-fbank-feats[5.5.0~1-29b3]:main():compute-fbank-feats.cc:182) Processed features for key mrjc2-an240-b
VLOG[2] (compute-fbank-feats[5.5.0~1-29b3]:main():compute-fbank-feats.cc:182) Processed features for key mrjc2-cen1-b
VLOG[2] (compute-fbank-feats[5.5.0~1-29b3]:main():compute-fbank-feats.cc:182) Processed features for key mrjc2-cen2-b
VLOG[2] (compute-fbank-feats[5.5.0~1-29b3]:main():compute-fbank-feats.cc:182) Processed features for key mrjc2-cen3-b
VLOG[2] (compute-fbank-feats[5.5.0~1-29b3]:main():compute-fbank-feats.cc:182) Processed features for key mrjc2-cen4-b
VLOG[2] (compute-fbank-feats[5.5.0~1-29b3]:main():compute-fbank-feats.cc:182) Processed features for key mrjc2-cen5-b
VLOG[2] (compute-fbank-feats[5.5.0~1-29b3]:main():compute-fbank-feats.cc:182) Processed features for key mrjc2-cen6-b
LOG (compute-fbank-feats[5.5.0~1-29b3]:main():compute-fbank-feats.cc:181) Processed 70 utterances
VLOG[2] (compute-fbank-feats[5.5.0~1-29b3]:main():compute-fbank-feats.cc:182) Processed features for key mrjc2-cen7-b
VLOG[2] (compute-fbank-feats[5.5.0~1-29b3]:main():compute-fbank-feats.cc:182) Processed features for key mrjc2-cen8-b
VLOG[2] (compute-fbank-feats[5.5.0~1-29b3]:main():compute-fbank-feats.cc:182) Processed features for key mrmg-an281-b
VLOG[2] (compute-fbank-feats[5.5.0~1-29b3]:main():compute-fbank-feats.cc:182) Processed features for key mrmg-an282-b
VLOG[2] (compute-fbank-feats[5.5.0~1-29b3]:main():compute-fbank-feats.cc:182) Processed features for key mrmg-an283-b
VLOG[2] (compute-fbank-feats[5.5.0~1-29b3]:main():compute-fbank-feats.cc:182) Processed features for key mrmg-an284-b
VLOG[2] (compute-fbank-feats[5.5.0~1-29b3]:main():compute-fbank-feats.cc:182) Processed features for key mrmg-an285-b
VLOG[2] (compute-fbank-feats[5.5.0~1-29b3]:main():compute-fbank-feats.cc:182) Processed features for key mrmg-cen1-b
VLOG[2] (compute-fbank-feats[5.5.0~1-29b3]:main():compute-fbank-feats.cc:182) Processed features for key mrmg-cen2-b
VLOG[2] (compute-fbank-feats[5.5.0~1-29b3]:main():compute-fbank-feats.cc:182) Processed features for key mrmg-cen3-b
LOG (compute-fbank-feats[5.5.0~1-29b3]:main():compute-fbank-feats.cc:181) Processed 80 utterances
VLOG[2] (compute-fbank-feats[5.5.0~1-29b3]:main():compute-fbank-feats.cc:182) Processed features for key mrmg-cen4-b
VLOG[2] (compute-fbank-feats[5.5.0~1-29b3]:main():compute-fbank-feats.cc:182) Processed features for key mrmg-cen5-b
VLOG[2] (compute-fbank-feats[5.5.0~1-29b3]:main():compute-fbank-feats.cc:182) Processed features for key mrmg-cen6-b
VLOG[2] (compute-fbank-feats[5.5.0~1-29b3]:main():compute-fbank-feats.cc:182) Processed features for key mrmg-cen7-b
VLOG[2] (compute-fbank-feats[5.5.0~1-29b3]:main():compute-fbank-feats.cc:182) Processed features for key mrmg-cen8-b
VLOG[2] (compute-fbank-feats[5.5.0~1-29b3]:main():compute-fbank-feats.cc:182) Processed features for key mscg2-an356-b
VLOG[2] (compute-fbank-feats[5.5.0~1-29b3]:main():compute-fbank-feats.cc:182) Processed features for key mscg2-an357-b
VLOG[2] (compute-fbank-feats[5.5.0~1-29b3]:main():compute-fbank-feats.cc:182) Processed features for key mscg2-an358-b
VLOG[2] (compute-fbank-feats[5.5.0~1-29b3]:main():compute-fbank-feats.cc:182) Processed features for key mscg2-an359-b
VLOG[2] (compute-fbank-feats[5.5.0~1-29b3]:main():compute-fbank-feats.cc:182) Processed features for key mscg2-an360-b
LOG (compute-fbank-feats[5.5.0~1-29b3]:main():compute-fbank-feats.cc:181) Processed 90 utterances
VLOG[2] (compute-fbank-feats[5.5.0~1-29b3]:main():compute-fbank-feats.cc:182) Processed features for key mscg2-cen1-b
VLOG[2] (compute-fbank-feats[5.5.0~1-29b3]:main():compute-fbank-feats.cc:182) Processed features for key mscg2-cen2-b
VLOG[2] (compute-fbank-feats[5.5.0~1-29b3]:main():compute-fbank-feats.cc:182) Processed features for key mscg2-cen3-b
VLOG[2] (compute-fbank-feats[5.5.0~1-29b3]:main():compute-fbank-feats.cc:182) Processed features for key mscg2-cen4-b
VLOG[2] (compute-fbank-feats[5.5.0~1-29b3]:main():compute-fbank-feats.cc:182) Processed features for key mscg2-cen5-b
VLOG[2] (compute-fbank-feats[5.5.0~1-29b3]:main():compute-fbank-feats.cc:182) Processed features for key mscg2-cen6-b
VLOG[2] (compute-fbank-feats[5.5.0~1-29b3]:main():compute-fbank-feats.cc:182) Processed features for key mscg2-cen7-b
VLOG[2] (compute-kaldi-pitch-feats[5.5.0~1-29b3]:main():compute-kaldi-pitch-feats.cc:107) Processed 100 utterances
VLOG[2] (compute-fbank-feats[5.5.0~1-29b3]:main():compute-fbank-feats.cc:182) Processed features for key mscg2-cen8-b
VLOG[2] (compute-fbank-feats[5.5.0~1-29b3]:main():compute-fbank-feats.cc:182) Processed features for key msct-an341-b
VLOG[2] (compute-fbank-feats[5.5.0~1-29b3]:main():compute-fbank-feats.cc:182) Processed features for key msct-an342-b
LOG (compute-fbank-feats[5.5.0~1-29b3]:main():compute-fbank-feats.cc:181) Processed 100 utterances
VLOG[2] (compute-fbank-feats[5.5.0~1-29b3]:main():compute-fbank-feats.cc:182) Processed features for key msct-an343-b
VLOG[2] (compute-fbank-feats[5.5.0~1-29b3]:main():compute-fbank-feats.cc:182) Processed features for key msct-an344-b
VLOG[2] (compute-fbank-feats[5.5.0~1-29b3]:main():compute-fbank-feats.cc:182) Processed features for key msct-an345-b
VLOG[2] (compute-fbank-feats[5.5.0~1-29b3]:main():compute-fbank-feats.cc:182) Processed features for key msct-cen1-b
VLOG[2] (compute-fbank-feats[5.5.0~1-29b3]:main():compute-fbank-feats.cc:182) Processed features for key msct-cen2-b
VLOG[2] (compute-fbank-feats[5.5.0~1-29b3]:main():compute-fbank-feats.cc:182) Processed features for key msct-cen3-b
VLOG[2] (compute-fbank-feats[5.5.0~1-29b3]:main():compute-fbank-feats.cc:182) Processed features for key msct-cen4-b
VLOG[2] (compute-fbank-feats[5.5.0~1-29b3]:main():compute-fbank-feats.cc:182) Processed features for key msct-cen5-b
VLOG[2] (compute-fbank-feats[5.5.0~1-29b3]:main():compute-fbank-feats.cc:182) Processed features for key msct-cen6-b
VLOG[2] (compute-fbank-feats[5.5.0~1-29b3]:main():compute-fbank-feats.cc:182) Processed features for key msct-cen7-b
LOG (compute-fbank-feats[5.5.0~1-29b3]:main():compute-fbank-feats.cc:181) Processed 110 utterances
VLOG[2] (compute-fbank-feats[5.5.0~1-29b3]:main():compute-fbank-feats.cc:182) Processed features for key msct-cen8-b
VLOG[2] (compute-fbank-feats[5.5.0~1-29b3]:main():compute-fbank-feats.cc:182) Processed features for key msjm-an226-b
VLOG[2] (compute-fbank-feats[5.5.0~1-29b3]:main():compute-fbank-feats.cc:182) Processed features for key msjm-an227-b
LOG (compute-kaldi-pitch-feats[5.5.0~1-29b3]:main():compute-kaldi-pitch-feats.cc:110) Done 118 utterances, 0 with errors.
LOG (process-kaldi-pitch-feats[5.5.0~1-29b3]:main():process-kaldi-pitch-feats.cc:85) Post-processed pitch for 118 utterances.
VLOG[2] (compute-fbank-feats[5.5.0~1-29b3]:main():compute-fbank-feats.cc:182) Processed features for key msjm-an228-b
VLOG[2] (compute-fbank-feats[5.5.0~1-29b3]:main():compute-fbank-feats.cc:182) Processed features for key msjm-an229-b
VLOG[2] (compute-fbank-feats[5.5.0~1-29b3]:main():compute-fbank-feats.cc:182) Processed features for key msjm-an230-b
VLOG[2] (compute-fbank-feats[5.5.0~1-29b3]:main():compute-fbank-feats.cc:182) Processed features for key msjm-cen1-b
VLOG[2] (compute-fbank-feats[5.5.0~1-29b3]:main():compute-fbank-feats.cc:182) Processed features for key msjm-cen2-b
VLOG[2] (compute-fbank-feats[5.5.0~1-29b3]:main():compute-fbank-feats.cc:182) Processed features for key msjm-cen3-b
LOG (compute-fbank-feats[5.5.0~1-29b3]:main():compute-fbank-feats.cc:185)  Done 118 out of 118 utterances.
LOG (paste-feats[5.5.0~1-29b3]:main():paste-feats.cc:158) Done 118 utts, errors on 0
LOG (copy-feats[5.5.0~1-29b3]:main():copy-feats.cc:143) Copied 118 feature matrices.
# Accounting: time=23 threads=1
# Ended (code 0) at Wed Nov 11 18:55:01 GMT 2020, elapsed time 23 seconds
