# asr_train.py --config conf/train_mtlalpha1.0.yaml --ngpu 0 --backend pytorch --outdir exp/train_nodev_pytorch_train_mtlalpha1.0/results --tensorboard-dir tensorboard/train_nodev_pytorch_train_mtlalpha1.0 --debugmode 1 --dict data/lang_1char/train_nodev_units.txt --debugdir exp/train_nodev_pytorch_train_mtlalpha1.0 --minibatches 0 --verbose 1 --resume --train-json dump/train_nodev/deltafalse/data.json --valid-json dump/train_dev/deltafalse/data.json 
# Started at Fri Nov 13 21:35:57 GMT 2020
#
2020-11-13 21:36:04,629 (asr_train:582) INFO: ngpu: 0
2020-11-13 21:36:04,629 (asr_train:585) INFO: python path = (None)
2020-11-13 21:36:04,629 (asr_train:588) INFO: random seed = 1
2020-11-13 21:36:04,630 (asr_train:604) INFO: backend = pytorch
2020-11-13 21:36:04,911 (deterministic_utils:26) INFO: torch type check is disabled
/mnt/c/Users/User/Dropbox/rtmp/src/python/notebooks/espnet/tools/venv/lib/python3.6/site-packages/torch/cuda/__init__.py:52: UserWarning: CUDA initialization: Found no NVIDIA driver on your system. Please check that you have an NVIDIA GPU and installed a driver from http://www.nvidia.com/Download/index.aspx (Triggered internally at  /opt/conda/conda-bld/pytorch_1603728993639/work/c10/cuda/CUDAFunctions.cpp:100.)
  return torch._C._cuda_getDeviceCount() > 0
2020-11-13 21:36:04,915 (asr:401) WARNING: cuda is not available
2020-11-13 21:36:04,918 (asr:412) INFO: stream1: input dims : 83
2020-11-13 21:36:04,918 (asr:413) INFO: #output dims: 30
2020-11-13 21:36:04,918 (asr:422) INFO: Pure CTC mode
2020-11-13 21:36:04,920 (nets_utils:420) INFO: subsample: 1 2 2 1 1
/mnt/c/Users/User/Dropbox/rtmp/src/python/notebooks/espnet/tools/venv/lib/python3.6/site-packages/librosa/filters.py:239: UserWarning: Empty filters detected in mel frequency basis. Some channels will produce empty responses. Try increasing your sampling rate (and fmax) or reducing n_mels.
  "Empty filters detected in mel frequency basis. "
2020-11-13 21:36:05,188 (encoders:294) INFO: BLSTM with every-layer projection for encoder
2020-11-13 21:36:05,189 (ctc:34) WARNING: CTC was set to builtin due to PyTorch version.
2020-11-13 21:36:05,354 (asr:441) INFO:  Total parameter of the model = 10925038
2020-11-13 21:36:05,355 (asr:457) INFO: writing a model config file to exp/train_nodev_pytorch_train_mtlalpha1.0/results/model.json
2020-11-13 21:36:05,357 (asr:467) INFO: ARGS: accum_grad: 1
2020-11-13 21:36:05,358 (asr:467) INFO: ARGS: aconv_chans: 10
2020-11-13 21:36:05,358 (asr:467) INFO: ARGS: aconv_filts: 100
2020-11-13 21:36:05,358 (asr:467) INFO: ARGS: adim: 320
2020-11-13 21:36:05,358 (asr:467) INFO: ARGS: aheads: 4
2020-11-13 21:36:05,358 (asr:467) INFO: ARGS: apply_uttmvn: True
2020-11-13 21:36:05,358 (asr:467) INFO: ARGS: atype: location
2020-11-13 21:36:05,358 (asr:467) INFO: ARGS: awin: 5
2020-11-13 21:36:05,358 (asr:467) INFO: ARGS: backend: pytorch
2020-11-13 21:36:05,358 (asr:467) INFO: ARGS: badim: 320
2020-11-13 21:36:05,358 (asr:467) INFO: ARGS: batch_bins: 0
2020-11-13 21:36:05,359 (asr:467) INFO: ARGS: batch_count: auto
2020-11-13 21:36:05,359 (asr:467) INFO: ARGS: batch_frames_in: 0
2020-11-13 21:36:05,359 (asr:467) INFO: ARGS: batch_frames_inout: 0
2020-11-13 21:36:05,359 (asr:467) INFO: ARGS: batch_frames_out: 0
2020-11-13 21:36:05,359 (asr:467) INFO: ARGS: batch_size: 30
2020-11-13 21:36:05,359 (asr:467) INFO: ARGS: bdropout_rate: 0.0
2020-11-13 21:36:05,359 (asr:467) INFO: ARGS: beam_size: 4
2020-11-13 21:36:05,359 (asr:467) INFO: ARGS: blayers: 2
2020-11-13 21:36:05,359 (asr:467) INFO: ARGS: bnmask: 2
2020-11-13 21:36:05,359 (asr:467) INFO: ARGS: bprojs: 300
2020-11-13 21:36:05,359 (asr:467) INFO: ARGS: btype: blstmp
2020-11-13 21:36:05,359 (asr:467) INFO: ARGS: bunits: 300
2020-11-13 21:36:05,359 (asr:467) INFO: ARGS: char_list: ['<blank>', '<unk>', '<space>', 'A', 'B', 'C', 'D', 'E', 'F', 'G', 'H', 'I', 'J', 'K', 'L', 'M', 'N', 'O', 'P', 'Q', 'R', 'S', 'T', 'U', 'V', 'W', 'X', 'Y', 'Z', '<eos>']
2020-11-13 21:36:05,359 (asr:467) INFO: ARGS: config: conf/train_mtlalpha1.0.yaml
2020-11-13 21:36:05,359 (asr:467) INFO: ARGS: config2: None
2020-11-13 21:36:05,359 (asr:467) INFO: ARGS: config3: None
2020-11-13 21:36:05,359 (asr:467) INFO: ARGS: context_residual: False
2020-11-13 21:36:05,359 (asr:467) INFO: ARGS: criterion: acc
2020-11-13 21:36:05,360 (asr:467) INFO: ARGS: ctc_type: warpctc
2020-11-13 21:36:05,360 (asr:467) INFO: ARGS: ctc_weight: 0.3
2020-11-13 21:36:05,360 (asr:467) INFO: ARGS: debugdir: exp/train_nodev_pytorch_train_mtlalpha1.0
2020-11-13 21:36:05,360 (asr:467) INFO: ARGS: debugmode: 1
2020-11-13 21:36:05,360 (asr:467) INFO: ARGS: dec_init: None
2020-11-13 21:36:05,360 (asr:467) INFO: ARGS: dec_init_mods: ['att.', ' dec.']
2020-11-13 21:36:05,360 (asr:467) INFO: ARGS: dict: data/lang_1char/train_nodev_units.txt
2020-11-13 21:36:05,360 (asr:467) INFO: ARGS: dlayers: 1
2020-11-13 21:36:05,360 (asr:467) INFO: ARGS: dropout_rate: 0.0
2020-11-13 21:36:05,360 (asr:467) INFO: ARGS: dropout_rate_decoder: 0.0
2020-11-13 21:36:05,360 (asr:467) INFO: ARGS: dtype: lstm
2020-11-13 21:36:05,360 (asr:467) INFO: ARGS: dunits: 300
2020-11-13 21:36:05,360 (asr:467) INFO: ARGS: early_stop_criterion: validation/main/acc
2020-11-13 21:36:05,360 (asr:467) INFO: ARGS: elayers: 4
2020-11-13 21:36:05,360 (asr:467) INFO: ARGS: enc_init: None
2020-11-13 21:36:05,360 (asr:467) INFO: ARGS: enc_init_mods: ['enc.enc.']
2020-11-13 21:36:05,360 (asr:467) INFO: ARGS: epochs: 2
2020-11-13 21:36:05,360 (asr:467) INFO: ARGS: eprojs: 320
2020-11-13 21:36:05,360 (asr:467) INFO: ARGS: eps: 1e-08
2020-11-13 21:36:05,360 (asr:467) INFO: ARGS: eps_decay: 0.01
2020-11-13 21:36:05,360 (asr:467) INFO: ARGS: etype: blstmp
2020-11-13 21:36:05,360 (asr:467) INFO: ARGS: eunits: 320
2020-11-13 21:36:05,361 (asr:467) INFO: ARGS: fbank_fmax: None
2020-11-13 21:36:05,361 (asr:467) INFO: ARGS: fbank_fmin: 0.0
2020-11-13 21:36:05,361 (asr:467) INFO: ARGS: fbank_fs: 16000
2020-11-13 21:36:05,361 (asr:467) INFO: ARGS: freeze_mods: None
2020-11-13 21:36:05,361 (asr:467) INFO: ARGS: grad_clip: 5
2020-11-13 21:36:05,361 (asr:467) INFO: ARGS: grad_noise: False
2020-11-13 21:36:05,361 (asr:467) INFO: ARGS: lm_weight: 0.1
2020-11-13 21:36:05,361 (asr:467) INFO: ARGS: lsm_type: 
2020-11-13 21:36:05,361 (asr:467) INFO: ARGS: lsm_weight: 0.0
2020-11-13 21:36:05,361 (asr:467) INFO: ARGS: maxlen_in: 800
2020-11-13 21:36:05,361 (asr:467) INFO: ARGS: maxlen_out: 150
2020-11-13 21:36:05,361 (asr:467) INFO: ARGS: maxlenratio: 0.0
2020-11-13 21:36:05,361 (asr:467) INFO: ARGS: minibatches: 0
2020-11-13 21:36:05,361 (asr:467) INFO: ARGS: minlenratio: 0.0
2020-11-13 21:36:05,361 (asr:467) INFO: ARGS: model_module: espnet.nets.pytorch_backend.e2e_asr:E2E
2020-11-13 21:36:05,361 (asr:467) INFO: ARGS: mtlalpha: 1.0
2020-11-13 21:36:05,361 (asr:467) INFO: ARGS: n_iter_processes: 0
2020-11-13 21:36:05,362 (asr:467) INFO: ARGS: n_mels: 80
2020-11-13 21:36:05,362 (asr:467) INFO: ARGS: nbest: 1
2020-11-13 21:36:05,362 (asr:467) INFO: ARGS: ngpu: 0
2020-11-13 21:36:05,362 (asr:467) INFO: ARGS: num_encs: 1
2020-11-13 21:36:05,362 (asr:467) INFO: ARGS: num_save_attention: 3
2020-11-13 21:36:05,362 (asr:467) INFO: ARGS: num_spkrs: 1
2020-11-13 21:36:05,362 (asr:467) INFO: ARGS: opt: adadelta
2020-11-13 21:36:05,362 (asr:467) INFO: ARGS: outdir: exp/train_nodev_pytorch_train_mtlalpha1.0/results
2020-11-13 21:36:05,362 (asr:467) INFO: ARGS: patience: 3
2020-11-13 21:36:05,362 (asr:467) INFO: ARGS: penalty: 0.0
2020-11-13 21:36:05,362 (asr:467) INFO: ARGS: preprocess_conf: None
2020-11-13 21:36:05,362 (asr:467) INFO: ARGS: ref_channel: -1
2020-11-13 21:36:05,362 (asr:467) INFO: ARGS: report_cer: False
2020-11-13 21:36:05,362 (asr:467) INFO: ARGS: report_interval_iters: 100
2020-11-13 21:36:05,362 (asr:467) INFO: ARGS: report_wer: False
2020-11-13 21:36:05,362 (asr:467) INFO: ARGS: resume: None
2020-11-13 21:36:05,362 (asr:467) INFO: ARGS: rnnlm: None
2020-11-13 21:36:05,362 (asr:467) INFO: ARGS: rnnlm_conf: None
2020-11-13 21:36:05,362 (asr:467) INFO: ARGS: sampling_probability: 0.0
2020-11-13 21:36:05,362 (asr:467) INFO: ARGS: save_interval_iters: 0
2020-11-13 21:36:05,363 (asr:467) INFO: ARGS: seed: 1
2020-11-13 21:36:05,363 (asr:467) INFO: ARGS: sortagrad: 0
2020-11-13 21:36:05,363 (asr:467) INFO: ARGS: stats_file: None
2020-11-13 21:36:05,363 (asr:467) INFO: ARGS: subsample: 1_2_2_1_1
2020-11-13 21:36:05,363 (asr:467) INFO: ARGS: sym_blank: <blank>
2020-11-13 21:36:05,363 (asr:467) INFO: ARGS: sym_space: <space>
2020-11-13 21:36:05,363 (asr:467) INFO: ARGS: tensorboard_dir: tensorboard/train_nodev_pytorch_train_mtlalpha1.0
2020-11-13 21:36:05,363 (asr:467) INFO: ARGS: threshold: 0.0001
2020-11-13 21:36:05,363 (asr:467) INFO: ARGS: train_dtype: float32
2020-11-13 21:36:05,363 (asr:467) INFO: ARGS: train_json: dump/train_nodev/deltafalse/data.json
2020-11-13 21:36:05,363 (asr:467) INFO: ARGS: use_beamformer: True
2020-11-13 21:36:05,363 (asr:467) INFO: ARGS: use_dnn_mask_for_wpe: False
2020-11-13 21:36:05,363 (asr:467) INFO: ARGS: use_frontend: True
2020-11-13 21:36:05,363 (asr:467) INFO: ARGS: use_wpe: False
2020-11-13 21:36:05,363 (asr:467) INFO: ARGS: uttmvn_norm_means: True
2020-11-13 21:36:05,363 (asr:467) INFO: ARGS: uttmvn_norm_vars: False
2020-11-13 21:36:05,363 (asr:467) INFO: ARGS: valid_json: dump/train_dev/deltafalse/data.json
2020-11-13 21:36:05,363 (asr:467) INFO: ARGS: verbose: 1
2020-11-13 21:36:05,363 (asr:467) INFO: ARGS: wdropout_rate: 0.0
2020-11-13 21:36:05,363 (asr:467) INFO: ARGS: weight_decay: 0.0
2020-11-13 21:36:05,364 (asr:467) INFO: ARGS: wlayers: 2
2020-11-13 21:36:05,364 (asr:467) INFO: ARGS: wpe_delay: 3
2020-11-13 21:36:05,364 (asr:467) INFO: ARGS: wpe_taps: 5
2020-11-13 21:36:05,364 (asr:467) INFO: ARGS: wprojs: 300
2020-11-13 21:36:05,364 (asr:467) INFO: ARGS: wtype: blstmp
2020-11-13 21:36:05,364 (asr:467) INFO: ARGS: wunits: 300
2020-11-13 21:36:05,381 (batchfy:433) INFO: count is auto detected as seq
2020-11-13 21:36:05,382 (batchfy:457) INFO: # utts: 848
2020-11-13 21:36:05,383 (batchfy:502) INFO: # minibatches: 29
2020-11-13 21:36:05,383 (batchfy:433) INFO: count is auto detected as seq
2020-11-13 21:36:05,383 (batchfy:457) INFO: # utts: 100
2020-11-13 21:36:05,383 (batchfy:502) INFO: # minibatches: 4
2020-11-13 21:36:05,452 (feature_transform:68) INFO: getting input data type =torch.float32 torch.Size([30, 248, 83])
2020-11-13 21:36:07,976 (ctc:92) INFO: CTC input lengths:  tensor([62, 60, 60, 60, 60, 60, 60, 60, 60, 60, 60, 60, 60, 60, 60, 60, 60, 60,        60, 60, 60, 60, 60, 60, 60, 60, 60, 60, 60, 60], dtype=torch.int32)
2020-11-13 21:36:07,977 (ctc:97) INFO: CTC output lengths: tensor([31, 19, 27, 11, 18, 19, 34,  7, 25, 20, 24, 21, 23, 22, 13, 36, 31, 13,        29, 20, 22, 32, 13, 16, 15, 19, 21, 23, 11, 20], dtype=torch.int32)
2020-11-13 21:36:07,984 (ctc:119) INFO: ctc loss:nan
2020-11-13 21:36:08,030 (e2e_asr:472) WARNING: loss (=nan) is not correct
2020-11-13 21:37:25,546 (asr:234) INFO: grad norm=nan
2020-11-13 21:37:25,547 (asr:236) WARNING: grad norm is nan. Do not update model.
[JException in main training loop: [Errno 2] No such file or directory: '/mnt/c/Users/User/Dropbox/rtmp/src/python/notebooks/espnet2/egs/an4/asr1/dump/train_nodev/deltafalse/feats.1.ark'
Traceback (most recent call last):
  File "/mnt/c/Users/User/Dropbox/rtmp/src/python/notebooks/espnet/tools/venv/lib/python3.6/site-packages/chainer/training/trainer.py", line 316, in run
    update()
  File "/mnt/c/Users/User/Dropbox/rtmp/src/python/notebooks/espnet/espnet/asr/pytorch_backend/asr.py", line 242, in update
    self.update_core()
  File "/mnt/c/Users/User/Dropbox/rtmp/src/python/notebooks/espnet/espnet/asr/pytorch_backend/asr.py", line 190, in update_core
    batch = train_iter.next()
  File "/mnt/c/Users/User/Dropbox/rtmp/src/python/notebooks/espnet/espnet/utils/dataset.py", line 58, in next
    ret = next(self.iter)
  File "/mnt/c/Users/User/Dropbox/rtmp/src/python/notebooks/espnet/tools/venv/lib/python3.6/site-packages/torch/utils/data/dataloader.py", line 435, in __next__
    data = self._next_data()
  File "/mnt/c/Users/User/Dropbox/rtmp/src/python/notebooks/espnet/tools/venv/lib/python3.6/site-packages/torch/utils/data/dataloader.py", line 475, in _next_data
    data = self._dataset_fetcher.fetch(index)  # may raise StopIteration
  File "/mnt/c/Users/User/Dropbox/rtmp/src/python/notebooks/espnet/tools/venv/lib/python3.6/site-packages/torch/utils/data/_utils/fetch.py", line 44, in fetch
    data = [self.dataset[idx] for idx in possibly_batched_index]
  File "/mnt/c/Users/User/Dropbox/rtmp/src/python/notebooks/espnet/tools/venv/lib/python3.6/site-packages/torch/utils/data/_utils/fetch.py", line 44, in <listcomp>
    data = [self.dataset[idx] for idx in possibly_batched_index]
  File "/mnt/c/Users/User/Dropbox/rtmp/src/python/notebooks/espnet/espnet/utils/dataset.py", line 33, in __getitem__
    return self.transform(self.data[idx])
  File "/mnt/c/Users/User/Dropbox/rtmp/src/python/notebooks/espnet/espnet/asr/pytorch_backend/asr.py", line 611, in <lambda>
    dataset=TransformDataset(train, lambda data: converter([load_tr(data)])),
  File "/mnt/c/Users/User/Dropbox/rtmp/src/python/notebooks/espnet/espnet/utils/io_utils.py", line 117, in __call__
    filepath=inp["feat"], filetype=inp.get("filetype", "mat")
  File "/mnt/c/Users/User/Dropbox/rtmp/src/python/notebooks/espnet/espnet/utils/io_utils.py", line 452, in _get_from_loader
    return kaldiio.load_mat(filepath)
  File "/mnt/c/Users/User/Dropbox/rtmp/src/python/notebooks/espnet/tools/venv/lib/python3.6/site-packages/kaldiio/matio.py", line 240, in load_mat
    with open_like_kaldi(ark, "rb") as fd:
  File "/mnt/c/Users/User/Dropbox/rtmp/src/python/notebooks/espnet/tools/venv/lib/python3.6/site-packages/kaldiio/utils.py", line 208, in open_like_kaldi
    return io.open(name, mode, encoding=encoding)
Will finalize trainer extensions and updater before reraising the exception.
Traceback (most recent call last):
  File "/mnt/c/Users/User/Dropbox/rtmp/src/python/notebooks/espnet/egs/an4/asr1/../../../espnet/bin/asr_train.py", line 628, in <module>
    main(sys.argv[1:])
  File "/mnt/c/Users/User/Dropbox/rtmp/src/python/notebooks/espnet/egs/an4/asr1/../../../espnet/bin/asr_train.py", line 614, in main
    train(args)
  File "/mnt/c/Users/User/Dropbox/rtmp/src/python/notebooks/espnet/espnet/asr/pytorch_backend/asr.py", line 830, in train
    trainer.run()
  File "/mnt/c/Users/User/Dropbox/rtmp/src/python/notebooks/espnet/tools/venv/lib/python3.6/site-packages/chainer/training/trainer.py", line 349, in run
    six.reraise(*exc_info)
  File "/mnt/c/Users/User/Dropbox/rtmp/src/python/notebooks/espnet/tools/venv/lib/python3.6/site-packages/six.py", line 703, in reraise
    raise value
  File "/mnt/c/Users/User/Dropbox/rtmp/src/python/notebooks/espnet/tools/venv/lib/python3.6/site-packages/chainer/training/trainer.py", line 316, in run
    update()
  File "/mnt/c/Users/User/Dropbox/rtmp/src/python/notebooks/espnet/espnet/asr/pytorch_backend/asr.py", line 242, in update
    self.update_core()
  File "/mnt/c/Users/User/Dropbox/rtmp/src/python/notebooks/espnet/espnet/asr/pytorch_backend/asr.py", line 190, in update_core
    batch = train_iter.next()
  File "/mnt/c/Users/User/Dropbox/rtmp/src/python/notebooks/espnet/espnet/utils/dataset.py", line 58, in next
    ret = next(self.iter)
  File "/mnt/c/Users/User/Dropbox/rtmp/src/python/notebooks/espnet/tools/venv/lib/python3.6/site-packages/torch/utils/data/dataloader.py", line 435, in __next__
    data = self._next_data()
  File "/mnt/c/Users/User/Dropbox/rtmp/src/python/notebooks/espnet/tools/venv/lib/python3.6/site-packages/torch/utils/data/dataloader.py", line 475, in _next_data
    data = self._dataset_fetcher.fetch(index)  # may raise StopIteration
  File "/mnt/c/Users/User/Dropbox/rtmp/src/python/notebooks/espnet/tools/venv/lib/python3.6/site-packages/torch/utils/data/_utils/fetch.py", line 44, in fetch
    data = [self.dataset[idx] for idx in possibly_batched_index]
  File "/mnt/c/Users/User/Dropbox/rtmp/src/python/notebooks/espnet/tools/venv/lib/python3.6/site-packages/torch/utils/data/_utils/fetch.py", line 44, in <listcomp>
    data = [self.dataset[idx] for idx in possibly_batched_index]
  File "/mnt/c/Users/User/Dropbox/rtmp/src/python/notebooks/espnet/espnet/utils/dataset.py", line 33, in __getitem__
    return self.transform(self.data[idx])
  File "/mnt/c/Users/User/Dropbox/rtmp/src/python/notebooks/espnet/espnet/asr/pytorch_backend/asr.py", line 611, in <lambda>
    dataset=TransformDataset(train, lambda data: converter([load_tr(data)])),
  File "/mnt/c/Users/User/Dropbox/rtmp/src/python/notebooks/espnet/espnet/utils/io_utils.py", line 117, in __call__
    filepath=inp["feat"], filetype=inp.get("filetype", "mat")
  File "/mnt/c/Users/User/Dropbox/rtmp/src/python/notebooks/espnet/espnet/utils/io_utils.py", line 452, in _get_from_loader
    return kaldiio.load_mat(filepath)
  File "/mnt/c/Users/User/Dropbox/rtmp/src/python/notebooks/espnet/tools/venv/lib/python3.6/site-packages/kaldiio/matio.py", line 240, in load_mat
    with open_like_kaldi(ark, "rb") as fd:
  File "/mnt/c/Users/User/Dropbox/rtmp/src/python/notebooks/espnet/tools/venv/lib/python3.6/site-packages/kaldiio/utils.py", line 208, in open_like_kaldi
    return io.open(name, mode, encoding=encoding)
FileNotFoundError: [Errno 2] No such file or directory: '/mnt/c/Users/User/Dropbox/rtmp/src/python/notebooks/espnet2/egs/an4/asr1/dump/train_nodev/deltafalse/feats.1.ark'
# Accounting: time=89 threads=1
# Ended (code 1) at Fri Nov 13 21:37:26 GMT 2020, elapsed time 89 seconds
[JTraceback (most recent call last):
  File "/mnt/c/Users/User/Dropbox/rtmp/src/python/notebooks/espnet/egs/an4/asr1/../../../espnet/bin/asr_train.py", line 628, in <module>
    main(sys.argv[1:])
  File "/mnt/c/Users/User/Dropbox/rtmp/src/python/notebooks/espnet/egs/an4/asr1/../../../espnet/bin/asr_train.py", line 614, in main
    train(args)
  File "/mnt/c/Users/User/Dropbox/rtmp/src/python/notebooks/espnet/espnet/asr/pytorch_backend/asr.py", line 830, in train
    trainer.run()
  File "/mnt/c/Users/User/Dropbox/rtmp/src/python/notebooks/espnet/tools/venv/lib/python3.6/site-packages/chainer/training/trainer.py", line 316, in run
    update()
  File "/mnt/c/Users/User/Dropbox/rtmp/src/python/notebooks/espnet/espnet/asr/pytorch_backend/asr.py", line 242, in update
    self.update_core()
  File "/mnt/c/Users/User/Dropbox/rtmp/src/python/notebooks/espnet/espnet/asr/pytorch_backend/asr.py", line 216, in update_core
    loss.backward()
  File "/mnt/c/Users/User/Dropbox/rtmp/src/python/notebooks/espnet/tools/venv/lib/python3.6/site-packages/torch/tensor.py", line 221, in backward
    torch.autograd.backward(self, gradient, retain_graph, create_graph)
  File "/mnt/c/Users/User/Dropbox/rtmp/src/python/notebooks/espnet/tools/venv/lib/python3.6/site-packages/torch/autograd/__init__.py", line 132, in backward
    allow_unreachable=True)  # allow_unreachable flag
KeyboardInterrupt
