# asr_train.py --config conf/train_mtlalpha1.0.yaml --ngpu 0 --backend pytorch --outdir exp/train_nodev_pytorch_train_mtlalpha1.0/results --tensorboard-dir tensorboard/train_nodev_pytorch_train_mtlalpha1.0 --debugmode 1 --dict data/lang_1char/train_nodev_units.txt --debugdir exp/train_nodev_pytorch_train_mtlalpha1.0 --minibatches 0 --verbose 2 --resume --train-json dump/train_nodev/deltafalse/data.json --valid-json dump/train_dev/deltafalse/data.json 
# Started at Tue Nov 17 06:53:17 GMT 2020
#
2020-11-17 06:53:25,829 (asr_train:582) INFO: ngpu: 0
2020-11-17 06:53:25,829 (asr_train:585) INFO: python path = (None)
2020-11-17 06:53:25,830 (asr_train:588) INFO: random seed = 1
2020-11-17 06:53:25,831 (asr_train:604) INFO: backend = pytorch
2020-11-17 06:53:26,180 (deterministic_utils:26) INFO: torch type check is disabled
/mnt/c/Users/User/Dropbox/rtmp/src/python/notebooks/espnet/tools/venv/lib/python3.6/site-packages/torch/cuda/__init__.py:52: UserWarning: CUDA initialization: Found no NVIDIA driver on your system. Please check that you have an NVIDIA GPU and installed a driver from http://www.nvidia.com/Download/index.aspx (Triggered internally at  /opt/conda/conda-bld/pytorch_1603728993639/work/c10/cuda/CUDAFunctions.cpp:100.)
  return torch._C._cuda_getDeviceCount() > 0
2020-11-17 06:53:26,183 (asr:405) WARNING: cuda is not available
2020-11-17 06:53:26,289 (asr:416) INFO: stream1: input dims : 83
2020-11-17 06:53:26,290 (asr:417) INFO: #output dims: 30
2020-11-17 06:53:26,290 (asr:426) INFO: Pure CTC mode
2020-11-17 06:53:26,294 (nets_utils:420) INFO: subsample: 1 2 2 1 1
2020-11-17 06:53:26,295 (e2e_asr:279) INFO: prescatter idim=83 
2020-11-17 06:53:26,498 (encoders:294) INFO: BLSTM with every-layer projection for encoder
2020-11-17 06:53:26,499 (ctc:34) WARNING: CTC was set to builtin due to PyTorch version.
2020-11-17 06:53:26,716 (asr:445) INFO:  Total parameter of the model = 8126151
2020-11-17 06:53:26,717 (asr:461) INFO: writing a model config file to exp/train_nodev_pytorch_train_mtlalpha1.0/results/model.json
2020-11-17 06:53:26,719 (asr:471) INFO: ARGS: accum_grad: 1
2020-11-17 06:53:26,720 (asr:471) INFO: ARGS: aconv_chans: 10
2020-11-17 06:53:26,720 (asr:471) INFO: ARGS: aconv_filts: 100
2020-11-17 06:53:26,720 (asr:471) INFO: ARGS: adim: 320
2020-11-17 06:53:26,720 (asr:471) INFO: ARGS: aheads: 4
2020-11-17 06:53:26,720 (asr:471) INFO: ARGS: apply_uttmvn: True
2020-11-17 06:53:26,720 (asr:471) INFO: ARGS: atype: location
2020-11-17 06:53:26,720 (asr:471) INFO: ARGS: awin: 5
2020-11-17 06:53:26,720 (asr:471) INFO: ARGS: backend: pytorch
2020-11-17 06:53:26,720 (asr:471) INFO: ARGS: badim: 320
2020-11-17 06:53:26,720 (asr:471) INFO: ARGS: batch_bins: 0
2020-11-17 06:53:26,720 (asr:471) INFO: ARGS: batch_count: auto
2020-11-17 06:53:26,720 (asr:471) INFO: ARGS: batch_frames_in: 0
2020-11-17 06:53:26,720 (asr:471) INFO: ARGS: batch_frames_inout: 0
2020-11-17 06:53:26,720 (asr:471) INFO: ARGS: batch_frames_out: 0
2020-11-17 06:53:26,720 (asr:471) INFO: ARGS: batch_size: 30
2020-11-17 06:53:26,720 (asr:471) INFO: ARGS: bdropout_rate: 0.0
2020-11-17 06:53:26,720 (asr:471) INFO: ARGS: beam_size: 4
2020-11-17 06:53:26,720 (asr:471) INFO: ARGS: blayers: 2
2020-11-17 06:53:26,721 (asr:471) INFO: ARGS: bnmask: 2
2020-11-17 06:53:26,721 (asr:471) INFO: ARGS: bprojs: 300
2020-11-17 06:53:26,721 (asr:471) INFO: ARGS: btype: blstmp
2020-11-17 06:53:26,721 (asr:471) INFO: ARGS: bunits: 300
2020-11-17 06:53:26,721 (asr:471) INFO: ARGS: char_list: ['<blank>', '<unk>', '<space>', 'A', 'B', 'C', 'D', 'E', 'F', 'G', 'H', 'I', 'J', 'K', 'L', 'M', 'N', 'O', 'P', 'Q', 'R', 'S', 'T', 'U', 'V', 'W', 'X', 'Y', 'Z', '<eos>']
2020-11-17 06:53:26,721 (asr:471) INFO: ARGS: config: conf/train_mtlalpha1.0.yaml
2020-11-17 06:53:26,722 (asr:471) INFO: ARGS: config2: None
2020-11-17 06:53:26,722 (asr:471) INFO: ARGS: config3: None
2020-11-17 06:53:26,722 (asr:471) INFO: ARGS: context_residual: False
2020-11-17 06:53:26,722 (asr:471) INFO: ARGS: criterion: acc
2020-11-17 06:53:26,722 (asr:471) INFO: ARGS: ctc_type: warpctc
2020-11-17 06:53:26,722 (asr:471) INFO: ARGS: ctc_weight: 0.3
2020-11-17 06:53:26,722 (asr:471) INFO: ARGS: debugdir: exp/train_nodev_pytorch_train_mtlalpha1.0
2020-11-17 06:53:26,723 (asr:471) INFO: ARGS: debugmode: 1
2020-11-17 06:53:26,723 (asr:471) INFO: ARGS: dec_init: None
2020-11-17 06:53:26,723 (asr:471) INFO: ARGS: dec_init_mods: ['att.', ' dec.']
2020-11-17 06:53:26,723 (asr:471) INFO: ARGS: dict: data/lang_1char/train_nodev_units.txt
2020-11-17 06:53:26,723 (asr:471) INFO: ARGS: dlayers: 1
2020-11-17 06:53:26,723 (asr:471) INFO: ARGS: dropout_rate: 0.0
2020-11-17 06:53:26,723 (asr:471) INFO: ARGS: dropout_rate_decoder: 0.0
2020-11-17 06:53:26,723 (asr:471) INFO: ARGS: dtype: lstm
2020-11-17 06:53:26,723 (asr:471) INFO: ARGS: dunits: 300
2020-11-17 06:53:26,723 (asr:471) INFO: ARGS: early_stop_criterion: validation/main/acc
2020-11-17 06:53:26,723 (asr:471) INFO: ARGS: elayers: 4
2020-11-17 06:53:26,723 (asr:471) INFO: ARGS: enc_init: None
2020-11-17 06:53:26,723 (asr:471) INFO: ARGS: enc_init_mods: ['enc.enc.']
2020-11-17 06:53:26,723 (asr:471) INFO: ARGS: epochs: 1
2020-11-17 06:53:26,723 (asr:471) INFO: ARGS: eprojs: 320
2020-11-17 06:53:26,724 (asr:471) INFO: ARGS: eps: 1e-08
2020-11-17 06:53:26,724 (asr:471) INFO: ARGS: eps_decay: 0.01
2020-11-17 06:53:26,724 (asr:471) INFO: ARGS: etype: blstmp
2020-11-17 06:53:26,724 (asr:471) INFO: ARGS: eunits: 320
2020-11-17 06:53:26,724 (asr:471) INFO: ARGS: fbank_fmax: None
2020-11-17 06:53:26,724 (asr:471) INFO: ARGS: fbank_fmin: 0.0
2020-11-17 06:53:26,724 (asr:471) INFO: ARGS: fbank_fs: 16000
2020-11-17 06:53:26,725 (asr:471) INFO: ARGS: freeze_mods: None
2020-11-17 06:53:26,725 (asr:471) INFO: ARGS: grad_clip: 5
2020-11-17 06:53:26,725 (asr:471) INFO: ARGS: grad_noise: False
2020-11-17 06:53:26,725 (asr:471) INFO: ARGS: lm_weight: 0.1
2020-11-17 06:53:26,725 (asr:471) INFO: ARGS: lsm_type: 
2020-11-17 06:53:26,726 (asr:471) INFO: ARGS: lsm_weight: 0.0
2020-11-17 06:53:26,726 (asr:471) INFO: ARGS: maxlen_in: 800
2020-11-17 06:53:26,726 (asr:471) INFO: ARGS: maxlen_out: 150
2020-11-17 06:53:26,726 (asr:471) INFO: ARGS: maxlenratio: 0.0
2020-11-17 06:53:26,726 (asr:471) INFO: ARGS: minibatches: 0
2020-11-17 06:53:26,726 (asr:471) INFO: ARGS: minlenratio: 0.0
2020-11-17 06:53:26,726 (asr:471) INFO: ARGS: model_module: espnet.nets.pytorch_backend.e2e_asr:E2E
2020-11-17 06:53:26,726 (asr:471) INFO: ARGS: mtlalpha: 1.0
2020-11-17 06:53:26,726 (asr:471) INFO: ARGS: n_iter_processes: 0
2020-11-17 06:53:26,726 (asr:471) INFO: ARGS: n_mels: 80
2020-11-17 06:53:26,726 (asr:471) INFO: ARGS: nbest: 1
2020-11-17 06:53:26,726 (asr:471) INFO: ARGS: ngpu: 0
2020-11-17 06:53:26,726 (asr:471) INFO: ARGS: num_encs: 1
2020-11-17 06:53:26,727 (asr:471) INFO: ARGS: num_save_attention: 3
2020-11-17 06:53:26,727 (asr:471) INFO: ARGS: num_spkrs: 1
2020-11-17 06:53:26,727 (asr:471) INFO: ARGS: opt: adadelta
2020-11-17 06:53:26,727 (asr:471) INFO: ARGS: outdir: exp/train_nodev_pytorch_train_mtlalpha1.0/results
2020-11-17 06:53:26,727 (asr:471) INFO: ARGS: patience: 3
2020-11-17 06:53:26,727 (asr:471) INFO: ARGS: penalty: 0.0
2020-11-17 06:53:26,727 (asr:471) INFO: ARGS: preprocess_conf: None
2020-11-17 06:53:26,727 (asr:471) INFO: ARGS: ref_channel: -1
2020-11-17 06:53:26,727 (asr:471) INFO: ARGS: report_cer: False
2020-11-17 06:53:26,727 (asr:471) INFO: ARGS: report_interval_iters: 100
2020-11-17 06:53:26,727 (asr:471) INFO: ARGS: report_wer: False
2020-11-17 06:53:26,727 (asr:471) INFO: ARGS: resume: None
2020-11-17 06:53:26,727 (asr:471) INFO: ARGS: rnnlm: None
2020-11-17 06:53:26,727 (asr:471) INFO: ARGS: rnnlm_conf: None
2020-11-17 06:53:26,727 (asr:471) INFO: ARGS: sampling_probability: 0.0
2020-11-17 06:53:26,727 (asr:471) INFO: ARGS: save_interval_iters: 0
2020-11-17 06:53:26,727 (asr:471) INFO: ARGS: seed: 1
2020-11-17 06:53:26,728 (asr:471) INFO: ARGS: sortagrad: 0
2020-11-17 06:53:26,728 (asr:471) INFO: ARGS: stats_file: None
2020-11-17 06:53:26,728 (asr:471) INFO: ARGS: subsample: 1_2_2_1_1
2020-11-17 06:53:26,728 (asr:471) INFO: ARGS: sym_blank: <blank>
2020-11-17 06:53:26,728 (asr:471) INFO: ARGS: sym_space: <space>
2020-11-17 06:53:26,728 (asr:471) INFO: ARGS: tensorboard_dir: tensorboard/train_nodev_pytorch_train_mtlalpha1.0
2020-11-17 06:53:26,728 (asr:471) INFO: ARGS: threshold: 0.0001
2020-11-17 06:53:26,728 (asr:471) INFO: ARGS: train_dtype: float32
2020-11-17 06:53:26,728 (asr:471) INFO: ARGS: train_json: dump/train_nodev/deltafalse/data.json
2020-11-17 06:53:26,728 (asr:471) INFO: ARGS: use_beamformer: True
2020-11-17 06:53:26,728 (asr:471) INFO: ARGS: use_dnn_mask_for_wpe: False
2020-11-17 06:53:26,728 (asr:471) INFO: ARGS: use_frontend: False
2020-11-17 06:53:26,728 (asr:471) INFO: ARGS: use_wpe: False
2020-11-17 06:53:26,728 (asr:471) INFO: ARGS: uttmvn_norm_means: True
2020-11-17 06:53:26,728 (asr:471) INFO: ARGS: uttmvn_norm_vars: False
2020-11-17 06:53:26,728 (asr:471) INFO: ARGS: valid_json: dump/train_dev/deltafalse/data.json
2020-11-17 06:53:26,728 (asr:471) INFO: ARGS: verbose: 2
2020-11-17 06:53:26,728 (asr:471) INFO: ARGS: wdropout_rate: 0.0
2020-11-17 06:53:26,729 (asr:471) INFO: ARGS: weight_decay: 0.0
2020-11-17 06:53:26,729 (asr:471) INFO: ARGS: wlayers: 2
2020-11-17 06:53:26,729 (asr:471) INFO: ARGS: wpe_delay: 3
2020-11-17 06:53:26,729 (asr:471) INFO: ARGS: wpe_taps: 5
2020-11-17 06:53:26,729 (asr:471) INFO: ARGS: wprojs: 300
2020-11-17 06:53:26,729 (asr:471) INFO: ARGS: wtype: blstmp
2020-11-17 06:53:26,729 (asr:471) INFO: ARGS: wunits: 300
2020-11-17 06:53:26,745 (batchfy:433) INFO: count is auto detected as seq
2020-11-17 06:53:26,746 (batchfy:457) INFO: # utts: 848
2020-11-17 06:53:26,746 (batchfy:502) INFO: # minibatches: 29
2020-11-17 06:53:26,746 (batchfy:433) INFO: count is auto detected as seq
2020-11-17 06:53:26,746 (batchfy:457) INFO: # utts: 100
2020-11-17 06:53:26,746 (batchfy:502) INFO: # minibatches: 4
2020-11-17 06:53:26,772 (io_utils:452) INFO: mine chosen***************
2020-11-17 06:53:26,774 (io_utils:452) INFO: mine chosen***************
2020-11-17 06:53:26,775 (io_utils:452) INFO: mine chosen***************
2020-11-17 06:53:26,777 (io_utils:452) INFO: mine chosen***************
2020-11-17 06:53:26,780 (io_utils:452) INFO: mine chosen***************
2020-11-17 06:53:26,783 (io_utils:452) INFO: mine chosen***************
2020-11-17 06:53:26,786 (io_utils:452) INFO: mine chosen***************
2020-11-17 06:53:26,790 (io_utils:452) INFO: mine chosen***************
2020-11-17 06:53:26,792 (io_utils:452) INFO: mine chosen***************
2020-11-17 06:53:26,795 (io_utils:452) INFO: mine chosen***************
2020-11-17 06:53:26,798 (io_utils:452) INFO: mine chosen***************
2020-11-17 06:53:26,800 (io_utils:452) INFO: mine chosen***************
2020-11-17 06:53:26,803 (io_utils:452) INFO: mine chosen***************
2020-11-17 06:53:26,805 (io_utils:452) INFO: mine chosen***************
2020-11-17 06:53:26,807 (io_utils:452) INFO: mine chosen***************
2020-11-17 06:53:26,809 (io_utils:452) INFO: mine chosen***************
2020-11-17 06:53:26,812 (io_utils:452) INFO: mine chosen***************
2020-11-17 06:53:26,814 (io_utils:452) INFO: mine chosen***************
2020-11-17 06:53:26,816 (io_utils:452) INFO: mine chosen***************
2020-11-17 06:53:26,818 (io_utils:452) INFO: mine chosen***************
2020-11-17 06:53:26,821 (io_utils:452) INFO: mine chosen***************
2020-11-17 06:53:26,826 (io_utils:452) INFO: mine chosen***************
2020-11-17 06:53:26,828 (io_utils:452) INFO: mine chosen***************
2020-11-17 06:53:26,830 (io_utils:452) INFO: mine chosen***************
2020-11-17 06:53:26,832 (io_utils:452) INFO: mine chosen***************
2020-11-17 06:53:26,833 (io_utils:452) INFO: mine chosen***************
2020-11-17 06:53:26,834 (io_utils:452) INFO: mine chosen***************
2020-11-17 06:53:26,836 (io_utils:452) INFO: mine chosen***************
2020-11-17 06:53:26,838 (io_utils:452) INFO: mine chosen***************
2020-11-17 06:53:26,839 (io_utils:452) INFO: mine chosen***************
2020-11-17 06:53:26,858 (asr:279) INFO: xs in custom converver = 30 [array([[-1.9013072 , -1.442543  , -1.6760141 , ...,  0.9585553 ,
        -0.24770671,  0.78219974],
       [-1.445418  , -1.1880729 , -1.0355222 , ...,  0.93537307,
        -0.24770671, -0.25843972],
       [-1.6867712 , -1.8383853 , -1.9397459 , ...,  1.0976484 ,
        -0.24770671,  0.4841771 ],
       ...,
       [-0.42206705,  0.00275362, -0.3723482 , ...,  0.5733311 ,
        -2.2894113 ,  0.22653455],
       [ 0.41834044,  0.48948574,  0.11130935, ...,  0.5450547 ,
        -2.2544484 ,  0.28715634],
       [ 0.3924818 ,  0.47557914,  0.04221547, ...,  0.40367234,
        -2.2544484 , -0.5427835 ]], dtype=float32), array([[-0.59829926, -0.7216948 , -0.934188  , ...,  0.6828685 ,
         0.0511944 ,  0.5079048 ],
       [-1.6185086 , -1.176852  , -1.2676042 , ...,  0.70088005,
         0.06662041,  0.45898342],
       [-0.73579407, -0.6939589 , -1.0251197 , ...,  0.7188914 ,
         0.08204642,  0.06848145],
       ...,
       [-1.4191859 , -1.2714717 , -0.83115244, ...,  0.8258902 ,
        -0.29846197, -0.2401411 ],
       [-1.0205407 , -0.855145  , -0.73432213, ...,  0.8470761 ,
        -0.27789393, -0.2401411 ],
       [-0.76426876, -0.54418457, -0.516454  , ...,  1.0483423 ,
        -0.2521839 , -0.22124584]], dtype=float32), array([[-0.46496856, -0.8095335 , -1.2835698 , ...,  0.2978208 ,
         0.48035526, -0.13144097],
       [-0.641292  , -0.64232945, -0.6643356 , ...,  0.71229494,
         0.48035526, -0.27413723],
       [-1.4641342 , -1.1996765 , -0.72331035, ...,  0.71229494,
         0.48035526,  0.07241082],
       ...,
       [ 0.88947535,  1.0883181 ,  0.65494984, ...,  1.2973309 ,
         0.19670582, -0.15862122],
       [ 1.0205672 ,  0.8417963 ,  0.16087314, ...,  1.1056812 ,
         0.20151344,  0.21510708],
       [ 0.29783076,  0.28712225, -0.10784733, ...,  0.9745524 ,
         0.20151344, -0.07708049]], dtype=float32), array([[-0.89561665, -0.84724975, -1.2769526 , ...,  0.77272415,
        -0.6457961 , -0.61502266],
       [-1.5941972 , -2.017782  , -1.7579887 , ...,  0.7085291 ,
        -0.6818197 ,  0.07333773],
       [-1.4943999 , -1.336745  , -1.4194818 , ...,  0.7887728 ,
        -0.71255946,  0.12640995],
       ...,
       [-1.6440957 , -1.1452034 , -1.2591364 , ...,  1.1060712 ,
        -1.0506968 , -0.40431228],
       [-1.0203632 , -1.017509  , -1.8114371 , ...,  1.006871  ,
        -1.0302036 , -0.16548729],
       [-1.5193492 , -1.1664858 , -1.1522396 , ...,  1.1494714 ,
        -1.0199571 , -0.4839206 ]], dtype=float32), array([[-0.9110604 , -0.6870811 , -0.9032254 , ...,  0.9690733 ,
         0.42536664, -0.2065697 ],
       [-0.9110604 , -0.99655986, -1.3612263 , ...,  0.9094618 ,
         0.44364315, -0.34685326],
       [-1.5600996 , -1.0811813 , -0.9736872 , ...,  0.837928  ,
         0.45582747, -0.1752549 ],
       ...,
       [-0.941633  , -0.9401456 , -0.56812274, ...,  0.9035006 ,
        -0.4249334 , -0.07504754],
       [-1.1043874 , -0.70314234, -0.5189634 , ...,  0.9929179 ,
        -0.4249334 ,  0.24436343],
       [-0.9263467 , -0.70314234, -0.8679948 , ...,  0.998879  ,
        -0.4249334 , -0.34685326]], dtype=float32), array([[-0.7750076 , -0.89541864, -1.3809345 , ...,  0.64341724,
        -0.5655775 ,  0.16030657],
       [-0.89234924, -1.0256445 , -1.0451801 , ...,  0.83757544,
        -0.5655775 , -0.11250478],
       [-0.89234924, -0.8233611 , -1.2340419 , ...,  0.83757544,
        -0.5655775 ,  0.35617107],
       ...,
       [-1.0096909 , -2.5449467 , -1.6117657 , ...,  0.69889104,
        -2.0796895 ,  0.12533075],
       [-0.7750076 , -0.8329108 , -0.30065864, ...,  0.64341724,
        -2.0796895 ,  0.05537912],
       [-0.21715999,  0.12205255,  0.117576  , ...,  0.44925904,
        -2.0796895 ,  0.53562075]], dtype=float32), array([[-2.3912609 , -1.922616  , -1.3042082 , ...,  1.1842418 ,
        -1.091304  ,  0.34566724],
       [-1.3795576 , -1.3447392 , -1.3042082 , ...,  1.1984648 ,
        -1.091304  ,  0.24692059],
       [-1.3248708 , -1.2363873 , -1.3575418 , ...,  1.1771305 ,
        -1.091304  , -0.232706  ],
       ...,
       [-1.0240942 , -0.94744897, -1.1175401 , ...,  0.92822987,
         0.01139182, -0.04226601],
       [-1.3522142 , -1.4892085 , -1.3042082 , ...,  0.7925297 ,
         0.02760696,  0.27513397],
       [-1.1334676 , -1.3808565 , -1.7575448 , ...,  0.9353413 ,
         0.02760696,  0.36682725]], dtype=float32), array([[-1.5338471 , -1.3450108 , -1.4453003 , ...,  0.8885211 ,
         0.86488295, -0.41353714],
       [-0.74847305, -0.88687766, -1.4197793 , ...,  0.7546004 ,
         0.8803265 ,  0.7027505 ],
       [-1.4356754 , -1.3450108 , -1.2156117 , ...,  0.8752182 ,
         0.8803265 ,  0.07193273],
       ...,
       [-1.3375037 , -1.166848  , -1.3687375 , ...,  0.8818697 ,
         0.42049265,  0.12421411],
       [-1.0429884 , -0.88687766, -0.96040225, ...,  0.9350809 ,
         0.42049265, -0.15213028],
       [-1.3375037 , -1.0904924 , -1.5218631 , ...,  0.94173235,
         0.42049265, -0.24175549]], dtype=float32), array([[-0.7319243 , -0.59962714, -0.61343133, ...,  0.6710409 ,
        -0.34805086,  0.517068  ],
       [-1.2896568 , -1.3815343 , -1.4970527 , ...,  0.78618646,
        -0.34805086, -0.07630636],
       [-0.7009392 , -0.703463  , -0.8199065 , ...,  0.5686892 ,
        -0.34805086,  0.13194364],
       ...,
       [-1.1967014 , -1.232642  , -0.98187673, ...,  0.60707104,
         0.08240199,  0.8957496 ],
       [-1.351627  , -1.356719  , -1.320421  , ...,  0.79898036,
         0.08708748, -0.22975373],
       [-0.9178351 , -0.7859651 , -0.76091355, ...,  0.7478045 ,
         0.08708748, -0.18043137]], dtype=float32), array([[-1.7182366 , -1.4419733 , -1.3573648 , ...,  1.0868918 ,
        -0.03961885, -0.1642609 ],
       [-1.2841508 , -1.380947  , -1.2248504 , ...,  1.16609   ,
        -0.03961885,  0.21790332],
       [-1.4814626 , -1.0147884 , -0.7566557 , ...,  1.1535851 ,
         0.00242311,  0.07459176],
       ...,
       [-1.4420003 , -0.9842752 , -0.87825847, ...,  0.9785152 ,
        -1.5315918 ,  0.15648407],
       [-0.9289899 , -0.8654222 , -1.0776122 , ...,  0.95767355,
        -1.5151281 ,  0.18378156],
       [-1.994473  , -1.9912112 , -1.1954027 , ...,  0.93683195,
        -1.5151281 ,  0.01999688]], dtype=float32), array([[-1.3583665 , -1.2320757 , -1.1399516 , ...,  0.4686365 ,
        -0.09066728,  0.18598542],
       [-1.2519902 , -1.0461686 , -1.5120776 , ...,  0.52096653,
        -0.11975998,  0.6210966 ],
       [-1.5711191 , -1.1319718 , -1.0961721 , ...,  0.6648741 ,
        -0.14157951, -0.35534382],
       ...,
       [-0.03542304, -0.3360461 , -0.85589826, ...,  1.0763599 ,
         0.9748948 ,  0.02100244],
       [-0.207102  , -0.21984422, -0.57322323, ...,  1.2129846 ,
         0.9748948 ,  0.4140501 ],
       [-0.27577358, -0.06490839, -0.31881565, ...,  1.1446722 ,
         0.99769825,  0.8281431 ]], dtype=float32), array([[-2.6723254 , -1.9808236 , -2.0338726 , ...,  0.9482834 ,
        -4.7226653 ,  0.15289652],
       [-2.1270041 , -1.8277404 , -1.5143797 , ...,  0.9850435 ,
        -4.7226653 , -0.16105758],
       [-1.9847463 , -1.8447497 , -1.6950729 , ...,  1.0270551 ,
        -4.7226653 ,  0.26544613],
       ...,
       [-1.4632151 , -1.2193962 , -2.214566  , ...,  0.8997536 ,
        -0.90304255,  0.59287643],
       [-1.0371664 , -0.61902875, -0.70442694, ...,  1.1373357 ,
        -0.90304255, -0.23214152],
       [-0.7215746 , -0.5420586 , -1.3073847 , ...,  1.0428095 ,
        -0.90304255,  0.02257597]], dtype=float32), array([[ 0.13106889,  0.16226572, -0.13058677, ...,  1.0052546 ,
        -0.14200495, -0.65185034],
       [ 0.36426324,  0.32818228, -0.06908906, ...,  0.95675766,
        -0.14200495,  0.33692378],
       [-0.7323288 , -0.9212078 , -1.8544973 , ...,  0.8974836 ,
        -0.14608702, -0.00744048],
       ...,
       [-1.9476929 , -1.6199119 , -2.141296  , ...,  1.0429746 ,
         0.02536002,  0.10995644],
       [-1.6698953 , -1.4983982 , -1.5039657 , ...,  1.0806944 ,
         0.02536002,  0.09430349],
       [-1.3573731 , -1.2857491 , -1.4402328 , ...,  1.0268089 ,
         0.0294421 ,  0.01603889]], dtype=float32), array([[-1.4690197 , -2.2626376 , -1.1150126 , ...,  0.848783  ,
        -1.8196421 , -0.17243943],
       [-1.9159305 , -1.3429925 , -0.93211615, ...,  1.0352458 ,
        -1.7853622 ,  0.45618784],
       [-1.7073722 , -1.5958949 , -1.3710679 , ...,  1.1668427 ,
        -1.7682225 ,  0.17286289],
       ...,
       [-1.8861365 , -1.6418772 , -1.5173851 , ...,  0.848783  ,
        -2.0253203 ,  0.2702558 ],
       [-2.0649009 , -1.779824  , -1.7734404 , ...,  0.848783  ,
        -2.04246   , -0.4380566 ],
       [-1.8861365 , -1.5729039 , -1.8465989 , ...,  1.0937333 ,
        -2.0767398 ,  0.5712886 ]], dtype=float32), array([[-0.26567185, -0.16395119, -0.6284809 , ...,  1.0305177 ,
        -0.3233333 , -0.20462728],
       [-0.5841913 , -0.31263566, -0.6284809 , ...,  0.9165174 ,
        -0.3233333 , -0.30417007],
       [-0.65244555, -0.7044004 , -0.76032126, ...,  0.72086763,
        -0.3233333 , -0.09181207],
       ...,
       [-0.94821376, -0.7743584 , -0.76032126, ...,  0.9372447 ,
        -0.87911475,  0.13381827],
       [-0.03048114, -0.19098473, -0.9251218 , ...,  0.6899866 ,
        -0.87911475,  0.10063732],
       [-0.65244555, -0.85830796, -0.66144085, ...,  0.9061537 ,
        -0.87911475,  0.43244672]], dtype=float32), array([[-2.1660402e+00, -1.9484265e+00, -2.0197895e+00, ...,
         7.3856938e-01,  8.7454128e-01, -9.5340908e-02],
       [-1.5344824e+00, -1.3558065e+00, -1.7776954e+00, ...,
         7.6817846e-01,  9.0486085e-01,  1.7630756e-03],
       [-2.2362132e+00, -1.7924738e+00, -1.3842926e+00, ...,
         7.3856938e-01,  9.5029658e-01,  2.0984298e-01],
       ...,
       [-9.3801093e-01, -9.8152018e-01, -1.2027221e+00, ...,
         7.2376490e-01, -1.5080588e+00,  3.1388295e-01],
       [-1.1836169e+00, -8.2556748e-01, -6.8827224e-01, ...,
         6.3493788e-01, -1.3861520e+00,  1.3354701e-01],
       [-2.0950216e-01,  8.9600384e-03, -2.1074599e-01, ...,
         5.7571995e-01, -1.2642453e+00,  2.4452293e-01]], dtype=float32), array([[-1.3169365 , -1.1163199 , -1.1993865 , ...,  0.6803843 ,
        -0.25541568, -0.7531972 ],
       [-1.3869383 , -1.1163199 , -1.2251538 , ...,  0.6476402 ,
        -0.25541568,  0.05413017],
       [-0.896925  , -0.86967385, -1.302456  , ...,  0.9271252 ,
        -0.25541568, -0.12902446],
       ...,
       [ 0.08709335,  0.08593154, -0.32850847, ...,  0.76224446,
        -2.0557494 , -0.18204291],
       [ 0.0176307 ,  0.18290877, -0.07373071, ...,  0.6640123 ,
        -1.9474963 ,  0.3849235 ],
       [-0.61745656, -0.2138164 , -0.299391  , ...,  0.5330359 ,
        -1.8392434 , -0.13866419]], dtype=float32), array([[-0.4812784 , -0.10997246, -0.15005207, ...,  1.098491  ,
         0.07182199,  0.00306115],
       [-0.21602827, -0.09010373, -0.4031297 , ...,  1.0106013 ,
         0.07182199, -0.42202425],
       [-0.42654425, -0.30865967, -0.56124467, ...,  0.92947227,
         0.08733726, -0.372739  ],
       ...,
       [-0.54864347, -0.28879094, -0.94926894, ..., -1.2813084 ,
        -2.8411145 ,  0.7891561 ],
       [-0.24129018, -0.6494092 , -0.55462205, ..., -1.0781491 ,
        -2.7378542 ,  0.35421866],
       [-0.6960047 , -1.045644  , -0.8526412 , ..., -0.4856012 ,
        -2.634594  ,  0.19404155]], dtype=float32), array([[-1.4079537 , -1.7583165 , -2.0682788 , ...,  0.87943184,
        -0.25048882, -0.6651511 ],
       [-1.2879456 , -0.9756005 , -0.91535294, ...,  0.87943184,
        -0.25048882, -0.16422182],
       [-1.64797   , -1.2639697 , -0.91535294, ...,  0.9226882 ,
        -0.24299255, -0.03500596],
       ...,
       [-1.587966  , -1.5935342 , -1.1271149 , ...,  0.57871807,
         0.08684322, -0.58344424],
       [-1.5279619 , -1.428752  , -1.2918186 , ...,  0.5636823 ,
         0.08684322, -0.13345614],
       [-1.617968  , -1.7377188 , -1.3859351 , ...,  0.7892177 ,
         0.08684322, -0.33650964]], dtype=float32), array([[-0.9340825 , -0.7163664 , -1.0822465 , ...,  0.5508739 ,
         0.09677437, -0.6625702 ],
       [-0.3641724 , -0.4004413 , -0.8204578 , ...,  0.6014128 ,
         0.13398764,  0.3360595 ],
       [-0.531421  , -0.4561151 , -1.099699  , ...,  0.7361829 ,
         0.52472687, -0.3396219 ],
       ...,
       [-0.44697583, -0.4004413 , -0.77519935, ...,  0.81697375,
        -0.18713677, -0.16739857],
       [-0.68960947, -0.60119045, -1.0822465 , ...,  0.8035679 ,
        -0.18713677,  0.57325363],
       [-0.49156228, -0.404418  , -0.7337864 , ...,  0.7867217 ,
        -0.18713677,  0.22661209]], dtype=float32), array([[-0.9415406 , -0.74474096, -0.9240389 , ...,  0.51830107,
        -0.02905279, -0.14012605],
       [-0.7058485 , -0.45561653, -0.59704757, ...,  0.723531  ,
        -0.02905279, -0.254358  ],
       [-0.38352913, -0.45143038, -1.1268764 , ...,  0.7317402 ,
        -0.02905279,  0.01979867],
       ...,
       [-1.0446559 , -0.69774365, -0.94094193, ...,  0.6250206 ,
        -0.2843898 , -0.3571667 ],
       [-0.6049929 , -0.602131  , -1.2959075 , ...,  0.68248504,
        -0.2767678 ,  0.08262622],
       [-1.0741174 , -0.74474096, -1.0085545 , ...,  0.63322985,
        -0.2729568 ,  0.36712152]], dtype=float32), array([[-0.8851955 , -0.68049663, -0.82195294, ...,  0.71690166,
        -0.14804065, -0.26964754],
       [-1.0762676 , -1.26241   , -0.88912535, ...,  0.7064672 ,
        -0.13523519, -0.07690957],
       [-1.7313719 , -1.2028849 , -0.746384  , ...,  0.74820495,
        -0.11922836,  0.3911683 ],
       ...,
       [-1.7313719 , -1.3516977 , -1.1893171 , ...,  0.8942869 ,
         0.13367951,  0.69379234],
       [-1.4311157 , -1.1135973 , -1.2120273 , ...,  0.92559016,
         0.13367951, -0.5841613 ],
       [-1.758668  , -2.4826746 , -2.0523057 , ...,  1.0299344 ,
         0.13367951, -0.345366  ]], dtype=float32), array([[-1.370915  , -1.2788548 , -1.9005473 , ...,  1.0278455 ,
        -0.49701464,  0.31515157],
       [-2.1802764 , -1.8347151 , -1.3032024 , ...,  1.038485  ,
        -0.48002052,  0.26007217],
       [-1.1949669 , -1.1200377 , -1.3032024 , ...,  0.97464764,
        -0.4630263 , -0.02450478],
       ...,
       [-0.10408854, -0.24654293, -0.91919494, ...,  0.48893917,
         0.5241421 , -0.1713832 ],
       [-0.77269137, -1.2788548 , -1.0898649 , ...,  0.868252  ,
         0.5241421 , -0.13466361],
       [-0.9486395 , -0.88181186, -1.1751999 , ...,  0.8788915 ,
         0.5241421 ,  0.17745304]], dtype=float32), array([[-1.1693279e+00, -9.9052775e-01, -1.4674731e+00, ...,
         7.0842195e-01, -5.1195025e-03,  6.6097879e-01],
       [-1.4909120e+00, -1.0630772e+00, -8.1131124e-01, ...,
         6.6355252e-01, -5.1195025e-03, -1.7314810e-01],
       [-1.0085359e+00, -1.0388941e+00, -1.2487525e+00, ...,
         5.8877039e-01, -1.4768541e-03,  1.0327387e-01],
       ...,
       [-2.2397664e-01, -2.0831496e-01, -6.4727068e-01, ...,
         1.1081012e+00, -7.7972472e-02,  3.1200069e-01],
       [-4.4947630e-01, -2.4205124e-01, -6.1993062e-01, ...,
         1.0817634e+00, -7.7972472e-02, -4.5029449e-01],
       [-4.3336919e-01, -4.7820508e-01, -9.4801164e-01, ...,
         1.0185524e+00, -7.7972472e-02,  2.6687056e-01]], dtype=float32), array([[-1.9389011 , -1.5094635 , -1.3590231 , ...,  0.9180608 ,
         0.4559362 ,  0.26378316],
       [-1.4413855 , -1.2291503 , -1.2432834 , ...,  0.7288741 ,
         0.4559362 , -0.14661396],
       [-1.5711721 , -1.2075877 , -1.2625734 , ...,  0.7434062 ,
         0.4559362 ,  0.0175449 ],
       ...,
       [-1.1874374 , -0.8625392 , -0.83619946, ...,  1.0068728 ,
        -0.09900263, -0.43767   ],
       [-1.4846476 , -1.4232134 , -1.3590231 , ...,  1.1030858 ,
        -0.10375965,  0.11893713],
       [-1.4413855 , -1.1644626 , -1.1468337 , ...,  0.9476648 ,
        -0.10851666,  0.5993284 ]], dtype=float32), array([[-0.8216113 , -0.80502415, -1.0493381 , ...,  0.77859986,
        -0.34756225, -0.5775106 ],
       [-1.3225853 , -1.4481603 , -1.3466657 , ...,  0.7156161 ,
        -0.34756225,  0.20623589],
       [-0.9607707 , -0.997965  , -0.9952786 , ...,  0.7156161 ,
        -0.34756225,  0.22501498],
       ...,
       [-1.1834259 , -1.0622786 , -1.6169636 , ...,  0.93345726,
         0.17127925,  0.33142984],
       [-1.2112578 , -0.9336513 , -0.9141892 , ...,  1.0599222 ,
         0.17127925,  0.0810419 ],
       [-1.2669215 , -1.1265923 , -1.562904  , ...,  0.98404324,
         0.17127925,  0.08730161]], dtype=float32), array([[-1.6138682 , -1.29059   , -0.7452088 , ...,  0.81300855,
        -1.6825814 , -0.48364186],
       [-1.6138682 , -1.7350249 , -0.92732817, ...,  0.8182117 ,
        -1.6825814 ,  0.20957637],
       [-1.2450869 , -1.29059   , -1.4186592 , ...,  0.71935236,
        -1.6825814 ,  0.54833955],
       ...,
       [-1.8092176 , -1.9819331 , -1.1891214 , ...,  0.9103091 ,
        -0.21857059,  0.3566227 ],
       [-0.9000357 , -0.8714025 , -1.0365998 , ...,  0.8234148 ,
        -0.21857059, -0.04950517],
       [-0.72194475, -0.560688  , -0.8909043 , ...,  1.0032076 ,
        -0.2322368 , -0.5917108 ]], dtype=float32), array([[-1.7387617 , -1.3666105 , -1.4177494 , ...,  0.80976987,
         0.30299026, -0.14925079],
       [-1.9861872 , -1.583994  , -1.7375869 , ...,  0.8393916 ,
         0.30299026, -0.33302927],
       [-2.3367066 , -2.0091212 , -1.9774649 , ...,  0.97379434,
         0.30299026,  0.08400652],
       ...,
       [-1.2006414 , -1.1253439 , -1.4710556 , ...,  0.5234271 ,
         4.071935  , -0.36494303],
       [-1.6769053 , -1.3344417 , -1.5243618 , ...,  0.9486072 ,
         4.071935  ,  0.08400652],
       [-1.8624744 , -1.5159737 , -1.551015  , ...,  0.9889066 ,
         4.071935  , -0.28355044]], dtype=float32), array([[-0.62812567, -0.75452256, -0.98851144, ...,  0.6433916 ,
         0.6112172 , -0.10066098],
       [-1.0041182 , -1.201912  , -1.2523496 , ...,  0.70716345,
         0.6045175 , -0.08899041],
       [-1.1921144 , -1.0154998 , -1.0088067 , ...,  0.61150575,
         0.5844184 , -0.06564927],
       ...,
       [-0.68452454, -0.791805  , -1.0088067 , ...,  0.95102024,
        -0.05105483, -0.36177564],
       [-1.5869064 , -1.2391945 , -1.029102  , ...,  1.0727552 ,
        -0.05534333, -0.40698457],
       [-1.0793166 , -0.8290875 , -0.98851144, ...,  1.019827  ,
        -0.05534333, -0.04230815]], dtype=float32), array([[-1.0882049 , -0.9344573 , -1.0987005 , ...,  0.81283987,
        -0.07817823, -0.10083072],
       [-1.0199811 , -0.79150844, -0.814903  , ...,  0.75949454,
        -0.07817823,  0.7483114 ],
       [-1.224652  , -0.9582821 , -1.9185603 , ...,  0.68790746,
        -0.07817823, -0.20603514],
       ...,
       [-1.1564285 , -0.9106325 , -1.0356345 , ...,  0.9550941 ,
        -0.69784606, -0.10083072],
       [-0.866478  , -0.7676836 , -1.0041014 , ...,  1.0262213 ,
        -0.67768323, -0.46382117],
       [-1.4634348 , -1.0297565 , -0.9725683 , ...,  0.92545784,
        -0.67768323, -0.10083072]], dtype=float32)]
2020-11-17 06:53:26,880 (asr:287) INFO: xs in custom converver = 30 [array([[-1.9013072 , -1.442543  , -1.6760141 , ...,  0.9585553 ,
        -0.24770671,  0.78219974],
       [-1.445418  , -1.1880729 , -1.0355222 , ...,  0.93537307,
        -0.24770671, -0.25843972],
       [-1.6867712 , -1.8383853 , -1.9397459 , ...,  1.0976484 ,
        -0.24770671,  0.4841771 ],
       ...,
       [-0.42206705,  0.00275362, -0.3723482 , ...,  0.5733311 ,
        -2.2894113 ,  0.22653455],
       [ 0.41834044,  0.48948574,  0.11130935, ...,  0.5450547 ,
        -2.2544484 ,  0.28715634],
       [ 0.3924818 ,  0.47557914,  0.04221547, ...,  0.40367234,
        -2.2544484 , -0.5427835 ]], dtype=float32), array([[-0.59829926, -0.7216948 , -0.934188  , ...,  0.6828685 ,
         0.0511944 ,  0.5079048 ],
       [-1.6185086 , -1.176852  , -1.2676042 , ...,  0.70088005,
         0.06662041,  0.45898342],
       [-0.73579407, -0.6939589 , -1.0251197 , ...,  0.7188914 ,
         0.08204642,  0.06848145],
       ...,
       [-1.4191859 , -1.2714717 , -0.83115244, ...,  0.8258902 ,
        -0.29846197, -0.2401411 ],
       [-1.0205407 , -0.855145  , -0.73432213, ...,  0.8470761 ,
        -0.27789393, -0.2401411 ],
       [-0.76426876, -0.54418457, -0.516454  , ...,  1.0483423 ,
        -0.2521839 , -0.22124584]], dtype=float32), array([[-0.46496856, -0.8095335 , -1.2835698 , ...,  0.2978208 ,
         0.48035526, -0.13144097],
       [-0.641292  , -0.64232945, -0.6643356 , ...,  0.71229494,
         0.48035526, -0.27413723],
       [-1.4641342 , -1.1996765 , -0.72331035, ...,  0.71229494,
         0.48035526,  0.07241082],
       ...,
       [ 0.88947535,  1.0883181 ,  0.65494984, ...,  1.2973309 ,
         0.19670582, -0.15862122],
       [ 1.0205672 ,  0.8417963 ,  0.16087314, ...,  1.1056812 ,
         0.20151344,  0.21510708],
       [ 0.29783076,  0.28712225, -0.10784733, ...,  0.9745524 ,
         0.20151344, -0.07708049]], dtype=float32), array([[-0.89561665, -0.84724975, -1.2769526 , ...,  0.77272415,
        -0.6457961 , -0.61502266],
       [-1.5941972 , -2.017782  , -1.7579887 , ...,  0.7085291 ,
        -0.6818197 ,  0.07333773],
       [-1.4943999 , -1.336745  , -1.4194818 , ...,  0.7887728 ,
        -0.71255946,  0.12640995],
       ...,
       [-1.6440957 , -1.1452034 , -1.2591364 , ...,  1.1060712 ,
        -1.0506968 , -0.40431228],
       [-1.0203632 , -1.017509  , -1.8114371 , ...,  1.006871  ,
        -1.0302036 , -0.16548729],
       [-1.5193492 , -1.1664858 , -1.1522396 , ...,  1.1494714 ,
        -1.0199571 , -0.4839206 ]], dtype=float32), array([[-0.9110604 , -0.6870811 , -0.9032254 , ...,  0.9690733 ,
         0.42536664, -0.2065697 ],
       [-0.9110604 , -0.99655986, -1.3612263 , ...,  0.9094618 ,
         0.44364315, -0.34685326],
       [-1.5600996 , -1.0811813 , -0.9736872 , ...,  0.837928  ,
         0.45582747, -0.1752549 ],
       ...,
       [-0.941633  , -0.9401456 , -0.56812274, ...,  0.9035006 ,
        -0.4249334 , -0.07504754],
       [-1.1043874 , -0.70314234, -0.5189634 , ...,  0.9929179 ,
        -0.4249334 ,  0.24436343],
       [-0.9263467 , -0.70314234, -0.8679948 , ...,  0.998879  ,
        -0.4249334 , -0.34685326]], dtype=float32), array([[-0.7750076 , -0.89541864, -1.3809345 , ...,  0.64341724,
        -0.5655775 ,  0.16030657],
       [-0.89234924, -1.0256445 , -1.0451801 , ...,  0.83757544,
        -0.5655775 , -0.11250478],
       [-0.89234924, -0.8233611 , -1.2340419 , ...,  0.83757544,
        -0.5655775 ,  0.35617107],
       ...,
       [-1.0096909 , -2.5449467 , -1.6117657 , ...,  0.69889104,
        -2.0796895 ,  0.12533075],
       [-0.7750076 , -0.8329108 , -0.30065864, ...,  0.64341724,
        -2.0796895 ,  0.05537912],
       [-0.21715999,  0.12205255,  0.117576  , ...,  0.44925904,
        -2.0796895 ,  0.53562075]], dtype=float32), array([[-2.3912609 , -1.922616  , -1.3042082 , ...,  1.1842418 ,
        -1.091304  ,  0.34566724],
       [-1.3795576 , -1.3447392 , -1.3042082 , ...,  1.1984648 ,
        -1.091304  ,  0.24692059],
       [-1.3248708 , -1.2363873 , -1.3575418 , ...,  1.1771305 ,
        -1.091304  , -0.232706  ],
       ...,
       [-1.0240942 , -0.94744897, -1.1175401 , ...,  0.92822987,
         0.01139182, -0.04226601],
       [-1.3522142 , -1.4892085 , -1.3042082 , ...,  0.7925297 ,
         0.02760696,  0.27513397],
       [-1.1334676 , -1.3808565 , -1.7575448 , ...,  0.9353413 ,
         0.02760696,  0.36682725]], dtype=float32), array([[-1.5338471 , -1.3450108 , -1.4453003 , ...,  0.8885211 ,
         0.86488295, -0.41353714],
       [-0.74847305, -0.88687766, -1.4197793 , ...,  0.7546004 ,
         0.8803265 ,  0.7027505 ],
       [-1.4356754 , -1.3450108 , -1.2156117 , ...,  0.8752182 ,
         0.8803265 ,  0.07193273],
       ...,
       [-1.3375037 , -1.166848  , -1.3687375 , ...,  0.8818697 ,
         0.42049265,  0.12421411],
       [-1.0429884 , -0.88687766, -0.96040225, ...,  0.9350809 ,
         0.42049265, -0.15213028],
       [-1.3375037 , -1.0904924 , -1.5218631 , ...,  0.94173235,
         0.42049265, -0.24175549]], dtype=float32), array([[-0.7319243 , -0.59962714, -0.61343133, ...,  0.6710409 ,
        -0.34805086,  0.517068  ],
       [-1.2896568 , -1.3815343 , -1.4970527 , ...,  0.78618646,
        -0.34805086, -0.07630636],
       [-0.7009392 , -0.703463  , -0.8199065 , ...,  0.5686892 ,
        -0.34805086,  0.13194364],
       ...,
       [-1.1967014 , -1.232642  , -0.98187673, ...,  0.60707104,
         0.08240199,  0.8957496 ],
       [-1.351627  , -1.356719  , -1.320421  , ...,  0.79898036,
         0.08708748, -0.22975373],
       [-0.9178351 , -0.7859651 , -0.76091355, ...,  0.7478045 ,
         0.08708748, -0.18043137]], dtype=float32), array([[-1.7182366 , -1.4419733 , -1.3573648 , ...,  1.0868918 ,
        -0.03961885, -0.1642609 ],
       [-1.2841508 , -1.380947  , -1.2248504 , ...,  1.16609   ,
        -0.03961885,  0.21790332],
       [-1.4814626 , -1.0147884 , -0.7566557 , ...,  1.1535851 ,
         0.00242311,  0.07459176],
       ...,
       [-1.4420003 , -0.9842752 , -0.87825847, ...,  0.9785152 ,
        -1.5315918 ,  0.15648407],
       [-0.9289899 , -0.8654222 , -1.0776122 , ...,  0.95767355,
        -1.5151281 ,  0.18378156],
       [-1.994473  , -1.9912112 , -1.1954027 , ...,  0.93683195,
        -1.5151281 ,  0.01999688]], dtype=float32), array([[-1.3583665 , -1.2320757 , -1.1399516 , ...,  0.4686365 ,
        -0.09066728,  0.18598542],
       [-1.2519902 , -1.0461686 , -1.5120776 , ...,  0.52096653,
        -0.11975998,  0.6210966 ],
       [-1.5711191 , -1.1319718 , -1.0961721 , ...,  0.6648741 ,
        -0.14157951, -0.35534382],
       ...,
       [-0.03542304, -0.3360461 , -0.85589826, ...,  1.0763599 ,
         0.9748948 ,  0.02100244],
       [-0.207102  , -0.21984422, -0.57322323, ...,  1.2129846 ,
         0.9748948 ,  0.4140501 ],
       [-0.27577358, -0.06490839, -0.31881565, ...,  1.1446722 ,
         0.99769825,  0.8281431 ]], dtype=float32), array([[-2.6723254 , -1.9808236 , -2.0338726 , ...,  0.9482834 ,
        -4.7226653 ,  0.15289652],
       [-2.1270041 , -1.8277404 , -1.5143797 , ...,  0.9850435 ,
        -4.7226653 , -0.16105758],
       [-1.9847463 , -1.8447497 , -1.6950729 , ...,  1.0270551 ,
        -4.7226653 ,  0.26544613],
       ...,
       [-1.4632151 , -1.2193962 , -2.214566  , ...,  0.8997536 ,
        -0.90304255,  0.59287643],
       [-1.0371664 , -0.61902875, -0.70442694, ...,  1.1373357 ,
        -0.90304255, -0.23214152],
       [-0.7215746 , -0.5420586 , -1.3073847 , ...,  1.0428095 ,
        -0.90304255,  0.02257597]], dtype=float32), array([[ 0.13106889,  0.16226572, -0.13058677, ...,  1.0052546 ,
        -0.14200495, -0.65185034],
       [ 0.36426324,  0.32818228, -0.06908906, ...,  0.95675766,
        -0.14200495,  0.33692378],
       [-0.7323288 , -0.9212078 , -1.8544973 , ...,  0.8974836 ,
        -0.14608702, -0.00744048],
       ...,
       [-1.9476929 , -1.6199119 , -2.141296  , ...,  1.0429746 ,
         0.02536002,  0.10995644],
       [-1.6698953 , -1.4983982 , -1.5039657 , ...,  1.0806944 ,
         0.02536002,  0.09430349],
       [-1.3573731 , -1.2857491 , -1.4402328 , ...,  1.0268089 ,
         0.0294421 ,  0.01603889]], dtype=float32), array([[-1.4690197 , -2.2626376 , -1.1150126 , ...,  0.848783  ,
        -1.8196421 , -0.17243943],
       [-1.9159305 , -1.3429925 , -0.93211615, ...,  1.0352458 ,
        -1.7853622 ,  0.45618784],
       [-1.7073722 , -1.5958949 , -1.3710679 , ...,  1.1668427 ,
        -1.7682225 ,  0.17286289],
       ...,
       [-1.8861365 , -1.6418772 , -1.5173851 , ...,  0.848783  ,
        -2.0253203 ,  0.2702558 ],
       [-2.0649009 , -1.779824  , -1.7734404 , ...,  0.848783  ,
        -2.04246   , -0.4380566 ],
       [-1.8861365 , -1.5729039 , -1.8465989 , ...,  1.0937333 ,
        -2.0767398 ,  0.5712886 ]], dtype=float32), array([[-0.26567185, -0.16395119, -0.6284809 , ...,  1.0305177 ,
        -0.3233333 , -0.20462728],
       [-0.5841913 , -0.31263566, -0.6284809 , ...,  0.9165174 ,
        -0.3233333 , -0.30417007],
       [-0.65244555, -0.7044004 , -0.76032126, ...,  0.72086763,
        -0.3233333 , -0.09181207],
       ...,
       [-0.94821376, -0.7743584 , -0.76032126, ...,  0.9372447 ,
        -0.87911475,  0.13381827],
       [-0.03048114, -0.19098473, -0.9251218 , ...,  0.6899866 ,
        -0.87911475,  0.10063732],
       [-0.65244555, -0.85830796, -0.66144085, ...,  0.9061537 ,
        -0.87911475,  0.43244672]], dtype=float32), array([[-2.1660402e+00, -1.9484265e+00, -2.0197895e+00, ...,
         7.3856938e-01,  8.7454128e-01, -9.5340908e-02],
       [-1.5344824e+00, -1.3558065e+00, -1.7776954e+00, ...,
         7.6817846e-01,  9.0486085e-01,  1.7630756e-03],
       [-2.2362132e+00, -1.7924738e+00, -1.3842926e+00, ...,
         7.3856938e-01,  9.5029658e-01,  2.0984298e-01],
       ...,
       [-9.3801093e-01, -9.8152018e-01, -1.2027221e+00, ...,
         7.2376490e-01, -1.5080588e+00,  3.1388295e-01],
       [-1.1836169e+00, -8.2556748e-01, -6.8827224e-01, ...,
         6.3493788e-01, -1.3861520e+00,  1.3354701e-01],
       [-2.0950216e-01,  8.9600384e-03, -2.1074599e-01, ...,
         5.7571995e-01, -1.2642453e+00,  2.4452293e-01]], dtype=float32), array([[-1.3169365 , -1.1163199 , -1.1993865 , ...,  0.6803843 ,
        -0.25541568, -0.7531972 ],
       [-1.3869383 , -1.1163199 , -1.2251538 , ...,  0.6476402 ,
        -0.25541568,  0.05413017],
       [-0.896925  , -0.86967385, -1.302456  , ...,  0.9271252 ,
        -0.25541568, -0.12902446],
       ...,
       [ 0.08709335,  0.08593154, -0.32850847, ...,  0.76224446,
        -2.0557494 , -0.18204291],
       [ 0.0176307 ,  0.18290877, -0.07373071, ...,  0.6640123 ,
        -1.9474963 ,  0.3849235 ],
       [-0.61745656, -0.2138164 , -0.299391  , ...,  0.5330359 ,
        -1.8392434 , -0.13866419]], dtype=float32), array([[-0.4812784 , -0.10997246, -0.15005207, ...,  1.098491  ,
         0.07182199,  0.00306115],
       [-0.21602827, -0.09010373, -0.4031297 , ...,  1.0106013 ,
         0.07182199, -0.42202425],
       [-0.42654425, -0.30865967, -0.56124467, ...,  0.92947227,
         0.08733726, -0.372739  ],
       ...,
       [-0.54864347, -0.28879094, -0.94926894, ..., -1.2813084 ,
        -2.8411145 ,  0.7891561 ],
       [-0.24129018, -0.6494092 , -0.55462205, ..., -1.0781491 ,
        -2.7378542 ,  0.35421866],
       [-0.6960047 , -1.045644  , -0.8526412 , ..., -0.4856012 ,
        -2.634594  ,  0.19404155]], dtype=float32), array([[-1.4079537 , -1.7583165 , -2.0682788 , ...,  0.87943184,
        -0.25048882, -0.6651511 ],
       [-1.2879456 , -0.9756005 , -0.91535294, ...,  0.87943184,
        -0.25048882, -0.16422182],
       [-1.64797   , -1.2639697 , -0.91535294, ...,  0.9226882 ,
        -0.24299255, -0.03500596],
       ...,
       [-1.587966  , -1.5935342 , -1.1271149 , ...,  0.57871807,
         0.08684322, -0.58344424],
       [-1.5279619 , -1.428752  , -1.2918186 , ...,  0.5636823 ,
         0.08684322, -0.13345614],
       [-1.617968  , -1.7377188 , -1.3859351 , ...,  0.7892177 ,
         0.08684322, -0.33650964]], dtype=float32), array([[-0.9340825 , -0.7163664 , -1.0822465 , ...,  0.5508739 ,
         0.09677437, -0.6625702 ],
       [-0.3641724 , -0.4004413 , -0.8204578 , ...,  0.6014128 ,
         0.13398764,  0.3360595 ],
       [-0.531421  , -0.4561151 , -1.099699  , ...,  0.7361829 ,
         0.52472687, -0.3396219 ],
       ...,
       [-0.44697583, -0.4004413 , -0.77519935, ...,  0.81697375,
        -0.18713677, -0.16739857],
       [-0.68960947, -0.60119045, -1.0822465 , ...,  0.8035679 ,
        -0.18713677,  0.57325363],
       [-0.49156228, -0.404418  , -0.7337864 , ...,  0.7867217 ,
        -0.18713677,  0.22661209]], dtype=float32), array([[-0.9415406 , -0.74474096, -0.9240389 , ...,  0.51830107,
        -0.02905279, -0.14012605],
       [-0.7058485 , -0.45561653, -0.59704757, ...,  0.723531  ,
        -0.02905279, -0.254358  ],
       [-0.38352913, -0.45143038, -1.1268764 , ...,  0.7317402 ,
        -0.02905279,  0.01979867],
       ...,
       [-1.0446559 , -0.69774365, -0.94094193, ...,  0.6250206 ,
        -0.2843898 , -0.3571667 ],
       [-0.6049929 , -0.602131  , -1.2959075 , ...,  0.68248504,
        -0.2767678 ,  0.08262622],
       [-1.0741174 , -0.74474096, -1.0085545 , ...,  0.63322985,
        -0.2729568 ,  0.36712152]], dtype=float32), array([[-0.8851955 , -0.68049663, -0.82195294, ...,  0.71690166,
        -0.14804065, -0.26964754],
       [-1.0762676 , -1.26241   , -0.88912535, ...,  0.7064672 ,
        -0.13523519, -0.07690957],
       [-1.7313719 , -1.2028849 , -0.746384  , ...,  0.74820495,
        -0.11922836,  0.3911683 ],
       ...,
       [-1.7313719 , -1.3516977 , -1.1893171 , ...,  0.8942869 ,
         0.13367951,  0.69379234],
       [-1.4311157 , -1.1135973 , -1.2120273 , ...,  0.92559016,
         0.13367951, -0.5841613 ],
       [-1.758668  , -2.4826746 , -2.0523057 , ...,  1.0299344 ,
         0.13367951, -0.345366  ]], dtype=float32), array([[-1.370915  , -1.2788548 , -1.9005473 , ...,  1.0278455 ,
        -0.49701464,  0.31515157],
       [-2.1802764 , -1.8347151 , -1.3032024 , ...,  1.038485  ,
        -0.48002052,  0.26007217],
       [-1.1949669 , -1.1200377 , -1.3032024 , ...,  0.97464764,
        -0.4630263 , -0.02450478],
       ...,
       [-0.10408854, -0.24654293, -0.91919494, ...,  0.48893917,
         0.5241421 , -0.1713832 ],
       [-0.77269137, -1.2788548 , -1.0898649 , ...,  0.868252  ,
         0.5241421 , -0.13466361],
       [-0.9486395 , -0.88181186, -1.1751999 , ...,  0.8788915 ,
         0.5241421 ,  0.17745304]], dtype=float32), array([[-1.1693279e+00, -9.9052775e-01, -1.4674731e+00, ...,
         7.0842195e-01, -5.1195025e-03,  6.6097879e-01],
       [-1.4909120e+00, -1.0630772e+00, -8.1131124e-01, ...,
         6.6355252e-01, -5.1195025e-03, -1.7314810e-01],
       [-1.0085359e+00, -1.0388941e+00, -1.2487525e+00, ...,
         5.8877039e-01, -1.4768541e-03,  1.0327387e-01],
       ...,
       [-2.2397664e-01, -2.0831496e-01, -6.4727068e-01, ...,
         1.1081012e+00, -7.7972472e-02,  3.1200069e-01],
       [-4.4947630e-01, -2.4205124e-01, -6.1993062e-01, ...,
         1.0817634e+00, -7.7972472e-02, -4.5029449e-01],
       [-4.3336919e-01, -4.7820508e-01, -9.4801164e-01, ...,
         1.0185524e+00, -7.7972472e-02,  2.6687056e-01]], dtype=float32), array([[-1.9389011 , -1.5094635 , -1.3590231 , ...,  0.9180608 ,
         0.4559362 ,  0.26378316],
       [-1.4413855 , -1.2291503 , -1.2432834 , ...,  0.7288741 ,
         0.4559362 , -0.14661396],
       [-1.5711721 , -1.2075877 , -1.2625734 , ...,  0.7434062 ,
         0.4559362 ,  0.0175449 ],
       ...,
       [-1.1874374 , -0.8625392 , -0.83619946, ...,  1.0068728 ,
        -0.09900263, -0.43767   ],
       [-1.4846476 , -1.4232134 , -1.3590231 , ...,  1.1030858 ,
        -0.10375965,  0.11893713],
       [-1.4413855 , -1.1644626 , -1.1468337 , ...,  0.9476648 ,
        -0.10851666,  0.5993284 ]], dtype=float32), array([[-0.8216113 , -0.80502415, -1.0493381 , ...,  0.77859986,
        -0.34756225, -0.5775106 ],
       [-1.3225853 , -1.4481603 , -1.3466657 , ...,  0.7156161 ,
        -0.34756225,  0.20623589],
       [-0.9607707 , -0.997965  , -0.9952786 , ...,  0.7156161 ,
        -0.34756225,  0.22501498],
       ...,
       [-1.1834259 , -1.0622786 , -1.6169636 , ...,  0.93345726,
         0.17127925,  0.33142984],
       [-1.2112578 , -0.9336513 , -0.9141892 , ...,  1.0599222 ,
         0.17127925,  0.0810419 ],
       [-1.2669215 , -1.1265923 , -1.562904  , ...,  0.98404324,
         0.17127925,  0.08730161]], dtype=float32), array([[-1.6138682 , -1.29059   , -0.7452088 , ...,  0.81300855,
        -1.6825814 , -0.48364186],
       [-1.6138682 , -1.7350249 , -0.92732817, ...,  0.8182117 ,
        -1.6825814 ,  0.20957637],
       [-1.2450869 , -1.29059   , -1.4186592 , ...,  0.71935236,
        -1.6825814 ,  0.54833955],
       ...,
       [-1.8092176 , -1.9819331 , -1.1891214 , ...,  0.9103091 ,
        -0.21857059,  0.3566227 ],
       [-0.9000357 , -0.8714025 , -1.0365998 , ...,  0.8234148 ,
        -0.21857059, -0.04950517],
       [-0.72194475, -0.560688  , -0.8909043 , ...,  1.0032076 ,
        -0.2322368 , -0.5917108 ]], dtype=float32), array([[-1.7387617 , -1.3666105 , -1.4177494 , ...,  0.80976987,
         0.30299026, -0.14925079],
       [-1.9861872 , -1.583994  , -1.7375869 , ...,  0.8393916 ,
         0.30299026, -0.33302927],
       [-2.3367066 , -2.0091212 , -1.9774649 , ...,  0.97379434,
         0.30299026,  0.08400652],
       ...,
       [-1.2006414 , -1.1253439 , -1.4710556 , ...,  0.5234271 ,
         4.071935  , -0.36494303],
       [-1.6769053 , -1.3344417 , -1.5243618 , ...,  0.9486072 ,
         4.071935  ,  0.08400652],
       [-1.8624744 , -1.5159737 , -1.551015  , ...,  0.9889066 ,
         4.071935  , -0.28355044]], dtype=float32), array([[-0.62812567, -0.75452256, -0.98851144, ...,  0.6433916 ,
         0.6112172 , -0.10066098],
       [-1.0041182 , -1.201912  , -1.2523496 , ...,  0.70716345,
         0.6045175 , -0.08899041],
       [-1.1921144 , -1.0154998 , -1.0088067 , ...,  0.61150575,
         0.5844184 , -0.06564927],
       ...,
       [-0.68452454, -0.791805  , -1.0088067 , ...,  0.95102024,
        -0.05105483, -0.36177564],
       [-1.5869064 , -1.2391945 , -1.029102  , ...,  1.0727552 ,
        -0.05534333, -0.40698457],
       [-1.0793166 , -0.8290875 , -0.98851144, ...,  1.019827  ,
        -0.05534333, -0.04230815]], dtype=float32), array([[-1.0882049 , -0.9344573 , -1.0987005 , ...,  0.81283987,
        -0.07817823, -0.10083072],
       [-1.0199811 , -0.79150844, -0.814903  , ...,  0.75949454,
        -0.07817823,  0.7483114 ],
       [-1.224652  , -0.9582821 , -1.9185603 , ...,  0.68790746,
        -0.07817823, -0.20603514],
       ...,
       [-1.1564285 , -0.9106325 , -1.0356345 , ...,  0.9550941 ,
        -0.69784606, -0.10083072],
       [-0.866478  , -0.7676836 , -1.0041014 , ...,  1.0262213 ,
        -0.67768323, -0.46382117],
       [-1.4634348 , -1.0297565 , -0.9725683 , ...,  0.92545784,
        -0.67768323, -0.10083072]], dtype=float32)]
2020-11-17 06:53:26,881 (asr:288) INFO: ilens in custom converver = 30 [408 398 398 398 398 398 398 398 398 398 398 398 398 398 398 398 388 388
 388 388 388 388 388 388 388 388 388 388 388 388]
2020-11-17 06:53:26,900 (e2e_asr:363) INFO: preprocess hlens,ilens (shape)= torch.Size([30]) torch.Size([30]) hlens,ilens=tensor([408, 398, 398, 398, 398, 398, 398, 398, 398, 398, 398, 398, 398, 398,
        398, 398, 388, 388, 388, 388, 388, 388, 388, 388, 388, 388, 388, 388,
        388, 388]) tensor([408, 398, 398, 398, 398, 398, 398, 398, 398, 398, 398, 398, 398, 398,
        398, 398, 388, 388, 388, 388, 388, 388, 388, 388, 388, 388, 388, 388,
        388, 388])
2020-11-17 06:53:26,923 (rnn:581) INFO: rnn param shapes: inp=torch.Size([11810, 83]),hxa=[torch.Size([2, 30, 320]), torch.Size([2, 30, 320])],batch_sizes= torch.Size([408])
2020-11-17 06:53:29,988 (rnn:581) INFO: rnn param shapes: inp=torch.Size([5905, 320]),hxa=[torch.Size([2, 30, 320]), torch.Size([2, 30, 320])],batch_sizes= torch.Size([204])
2020-11-17 06:53:31,650 (rnn:581) INFO: rnn param shapes: inp=torch.Size([2960, 320]),hxa=[torch.Size([2, 30, 320]), torch.Size([2, 30, 320])],batch_sizes= torch.Size([102])
2020-11-17 06:53:32,271 (rnn:581) INFO: rnn param shapes: inp=torch.Size([2960, 320]),hxa=[torch.Size([2, 30, 320]), torch.Size([2, 30, 320])],batch_sizes= torch.Size([102])
2020-11-17 06:53:32,843 (e2e_asr:368) INFO: encoder ilens=torch.Size([30]) tensor([102, 100, 100, 100, 100, 100, 100, 100, 100, 100, 100, 100, 100, 100,
        100, 100,  97,  97,  97,  97,  97,  97,  97,  97,  97,  97,  97,  97,
         97,  97])
2020-11-17 06:53:32,849 (ctc:92) INFO: CTC input lengths:  tensor([102, 100, 100, 100, 100, 100, 100, 100, 100, 100, 100, 100, 100, 100,        100, 100,  97,  97,  97,  97,  97,  97,  97,  97,  97,  97,  97,  97,         97,  97], dtype=torch.int32)
2020-11-17 06:53:32,850 (ctc:97) INFO: CTC output lengths: tensor([51, 19, 29, 28, 35, 21, 19, 47, 33, 24, 19, 32, 27, 19, 26, 19, 46, 15,        30, 22, 24, 19, 21, 15, 32, 33, 34, 24, 20, 19], dtype=torch.int32)
2020-11-17 06:53:32,860 (ctc:119) INFO: ctc loss:256.3520812988281
2020-11-17 06:53:32,931 (e2e_asr:56) INFO: mtl loss:256.3520812988281
[JTraceback (most recent call last):
  File "/mnt/c/Users/User/Dropbox/rtmp/src/python/notebooks/espnet/egs/an4/asr1/../../../espnet/bin/asr_train.py", line 628, in <module>
    main(sys.argv[1:])
  File "/mnt/c/Users/User/Dropbox/rtmp/src/python/notebooks/espnet/egs/an4/asr1/../../../espnet/bin/asr_train.py", line 614, in main
    train(args)
  File "/mnt/c/Users/User/Dropbox/rtmp/src/python/notebooks/espnet/espnet/asr/pytorch_backend/asr.py", line 834, in train
    trainer.run()
  File "/mnt/c/Users/User/Dropbox/rtmp/src/python/notebooks/espnet/tools/venv/lib/python3.6/site-packages/chainer/training/trainer.py", line 316, in run
    update()
  File "/mnt/c/Users/User/Dropbox/rtmp/src/python/notebooks/espnet/espnet/asr/pytorch_backend/asr.py", line 242, in update
    self.update_core()
  File "/mnt/c/Users/User/Dropbox/rtmp/src/python/notebooks/espnet/espnet/asr/pytorch_backend/asr.py", line 216, in update_core
    loss.backward()
  File "/mnt/c/Users/User/Dropbox/rtmp/src/python/notebooks/espnet/tools/venv/lib/python3.6/site-packages/torch/tensor.py", line 221, in backward
    torch.autograd.backward(self, gradient, retain_graph, create_graph)
  File "/mnt/c/Users/User/Dropbox/rtmp/src/python/notebooks/espnet/tools/venv/lib/python3.6/site-packages/torch/autograd/__init__.py", line 132, in backward
    allow_unreachable=True)  # allow_unreachable flag
KeyboardInterrupt
